2019-09-07 21:31:12,935 - Log1 - INFO - Shared Memory Change 16
2019-09-07 21:31:13,653 - Log1 - INFO - BatchSize Change 5
2019-09-07 21:31:18,560 - Log1 - INFO - Start Tasset Shader Dealing 
2019-09-07 21:31:18,763 - Log1 - Level 5 - DATA   min 1.764010 max 1.832960
2019-09-07 21:31:18,794 - Log1 - INFO - Ssbo Generate data bbid(3) nbyte(1261600) shape((31540, 5))  Ammount(1261600)
2019-09-07 21:31:18,841 - Log1 - INFO - Ssbo Generate vis bbid(0) nbyte(5046400) shape((31540, 5, 4))  Ammount(6308000)
2019-09-07 21:31:18,841 - Log1 - INFO - Ssbo Generate dprop bbid(2) nbyte(12992) shape((4, 406))  Ammount(6320992)
2019-09-07 21:31:18,841 - Log1 - INFO - Ssbo Generate ac bbid(1) nbyte(256) shape(64)  Ammount(6321248)
2019-09-07 21:31:18,841 - Log1 - INFO - Ssbo Generate asset bbid(4) nbyte(1536000) shape((320, 2, 300))  Ammount(7857248)
2019-09-07 21:31:18,841 - Log1 - INFO - Ssbo Generate io bbid(5) nbyte(23040) shape((320, 9))  Ammount(7880288)
2019-09-07 21:31:19,112 - Log1 - INFO - parse ../GLAux/glsl/Mock/Tasset.glsl
2019-09-07 21:31:19,128 - Log1 - INFO - parse ../GLAux/glsl/include/sRates.glsl
2019-09-07 21:31:19,143 - Log1 - INFO - parse ../GLAux/glsl/include/Mock1/parameter.glsl
2019-09-07 21:31:19,143 - Log1 - INFO - parse ../GLAux/glsl/include/Mock1/mfi.glsl
2019-09-07 21:31:19,159 - Log1 - INFO - parse ../GLAux/glsl/include/Mock1/ama.glsl
2019-09-07 21:31:19,175 - Log1 - INFO - parse ../GLAux/glsl/include/Mock1/uniform.glsl
2019-09-07 21:31:19,175 - Log1 - INFO - parse ../GLAux/glsl/include/Mock1/ac.glsl
2019-09-07 21:31:19,175 - Log1 - INFO - parse ../GLAux/glsl/include/Mock1/inout.glsl
2019-09-07 21:31:19,175 - Log1 - INFO - parse ../GLAux/glsl/include/Visual/mock2_buffer.glsl
2019-09-07 21:31:19,221 - Log1 - INFO - parse ../GLAux/glsl/Mock/VS/prepro_T2.glsl
2019-09-07 21:31:19,237 - Log1 - INFO - parse ../GLAux/glsl/include/Visual/mock2_buffer.glsl
2019-09-07 21:31:19,237 - Log1 - INFO - parse ../GLAux/glsl/include/Mock1/parameter.glsl
2019-09-07 21:31:19,237 - Log1 - INFO - parse ../GLAux/glsl/include/sRates.glsl
2019-09-07 21:31:19,237 - Log1 - INFO - ComputeShader Generate [2, 4]
2019-09-07 21:31:19,237 - Log1 - INFO - parse ../GLAux/glsl\Mock\VS\T2.glsl
2019-09-07 21:31:19,237 - Log1 - INFO - parse ../GLAux/glsl/include/sRates.glsl
2019-09-07 21:31:19,237 - Log1 - INFO - parse ../GLAux/glsl/include/Mock1/parameter_vf.glsl
2019-09-07 21:31:19,237 - Log1 - INFO - parse ../GLAux/glsl/include/Visual/mock2_buffer.glsl
2019-09-07 21:31:19,253 - Log1 - INFO - parse ../GLAux/glsl\Mock\FS\T0.glsl
2019-09-07 21:31:19,487 - Log1 - INFO - Start TestVisual Shader Dealing 
2019-09-07 21:31:19,659 - Log1 - Level 5 - DATA   min 1.764010 max 1.832960
2019-09-07 21:31:19,674 - Log1 - INFO - Ssbo Generate data bbid(3) nbyte(1261600) shape((31540, 5))  Ammount(1261600)
2019-09-07 21:31:19,674 - Log1 - INFO - Ssbo Generate vis bbid(0) nbyte(5046400) shape((31540, 5, 4))  Ammount(6308000)
2019-09-07 21:31:19,674 - Log1 - INFO - Ssbo Generate dprop bbid(2) nbyte(12992) shape((4, 406))  Ammount(6320992)
2019-09-07 21:31:19,674 - Log1 - INFO - Ssbo Generate ac bbid(1) nbyte(256) shape(64)  Ammount(6321248)
2019-09-07 21:31:19,674 - Log1 - INFO - Ssbo Generate io bbid(5) nbyte(23040) shape((320, 9))  Ammount(6344288)
2019-09-07 21:31:19,768 - Log1 - INFO - parse ../GLAux/glsl/Mock/Tvisual.glsl
2019-09-07 21:31:19,784 - Log1 - INFO - parse ../GLAux/glsl/include/sRates.glsl
2019-09-07 21:31:19,784 - Log1 - INFO - parse ../GLAux/glsl/include/Mock1/uniform.glsl
2019-09-07 21:31:19,784 - Log1 - INFO - parse ../GLAux/glsl/include/Mock1/parameter.glsl
2019-09-07 21:31:19,784 - Log1 - INFO - parse ../GLAux/glsl/include/Mock1/mfi.glsl
2019-09-07 21:31:19,784 - Log1 - INFO - parse ../GLAux/glsl/include/Mock1/ama.glsl
2019-09-07 21:31:19,784 - Log1 - INFO - parse ../GLAux/glsl/include/Visual/mock1_buffer.glsl
2019-09-07 21:31:19,784 - Log1 - INFO - parse ../GLAux/glsl/include/Visual/mock2_prop.glsl
2019-09-07 21:31:19,784 - Log1 - INFO - parse ../GLAux/glsl/include/Mock1/ac.glsl
2019-09-07 21:31:19,784 - Log1 - INFO - parse ../GLAux/glsl/include/Mock1/inout.glsl
2019-09-07 21:31:19,799 - Log1 - INFO - parse ../GLAux/glsl/Mock/VS/prepro_T1.glsl
2019-09-07 21:31:19,815 - Log1 - INFO - parse ../GLAux/glsl/include/Visual/mock1_buffer.glsl
2019-09-07 21:31:19,815 - Log1 - INFO - parse ../GLAux/glsl/include/Visual/mock2_prop.glsl
2019-09-07 21:31:19,815 - Log1 - INFO - parse ../GLAux/glsl/include/sRates.glsl
2019-09-07 21:31:19,815 - Log1 - INFO - ComputeShader Generate [2, 4]
2019-09-07 21:31:19,815 - Log1 - INFO - parse ../GLAux/glsl\Mock\VS\T1.glsl
2019-09-07 21:31:19,831 - Log1 - INFO - parse ../GLAux/glsl/include/sRates.glsl
2019-09-07 21:31:19,831 - Log1 - INFO - parse ../GLAux/glsl/include/Visual/mock1_buffer.glsl
2019-09-07 21:31:19,831 - Log1 - INFO - parse ../GLAux/glsl/include/Visual/mock2_prop.glsl
2019-09-07 21:31:19,831 - Log1 - INFO - parse ../GLAux/glsl\Mock\FS\fatou.glsl
2019-09-07 21:31:19,846 - Log1 - INFO - parse ../GLAux/glsl\Mock\VS\T1.glsl
2019-09-07 21:31:19,846 - Log1 - INFO - parse ../GLAux/glsl/include/sRates.glsl
2019-09-07 21:31:19,846 - Log1 - INFO - parse ../GLAux/glsl/include/Visual/mock1_buffer.glsl
2019-09-07 21:31:19,846 - Log1 - INFO - parse ../GLAux/glsl/include/Visual/mock2_prop.glsl
2019-09-07 21:31:19,846 - Log1 - INFO - parse ../GLAux/glsl\Mock\FS\T0.glsl
2019-09-07 21:31:24,973 - Log1 - INFO - Ssbo Set io io bbid(5)  shape((320, 9))  data_shape((320, 9))
2019-09-07 21:31:24,973 - Log1 - WARNING - 0 th  output 0.000 input [3.90e+01 8.00e+00 3.14e+01 7.40e+01 5.20e+01 4.60e+01 8.00e-03 2.50e-01]
2019-09-07 21:31:24,973 - Log1 - WARNING - 319 th  output 0.000 input [5.70e+01 1.60e+01 3.50e+01 8.40e+01 4.60e+01 1.93e+02 6.00e-03 3.00e-01]
2019-09-07 21:31:26,046 - Log1 - Level 5 - Test asset  Dealing  blocksize 16 batchsize 5 dispatch [1, 2, 2]  init 10**6  YZID 0  result [1262839  982320 1072523 1032600 1203257 1109090 1086656 1171618  965294
 1137457 1075930  961161 1004577 1260598 1072598 1266274]  
2019-09-07 21:31:26,046 - Log1 - Level 5 - Test asset  Dealing  blocksize 16 batchsize 5 dispatch [1, 2, 2]  init 10**6  YZID 1  result [1288756 1219981  904440  979955 1251229  989696  976838 1045370 1294936
  936059 1001413 1024771  997947  955616  949802 1086871]  
2019-09-07 21:31:26,046 - Log1 - Level 5 - Test asset  Dealing  blocksize 16 batchsize 5 dispatch [1, 2, 2]  init 10**6  YZID 2  result [1219556 1374677 1176652 1044009  993082 1037932 1149179  986660 1067424
 1049284  953480 1151851  998410 1083000 1016092 1075798]  
2019-09-07 21:31:26,046 - Log1 - Level 5 - Test asset  Dealing  blocksize 16 batchsize 5 dispatch [1, 2, 2]  init 10**6  YZID 3  result [1000000 1006362 1259623 1036584 1002773  959251 1027121 1230524 1095214
 1381410 1100888 1235183 1029973 1335692 1142032 1076988]  
2019-09-07 21:31:26,811 - Log1 - Level 5 - Test asset  Dealing  blocksize 16 batchsize 5 dispatch [1, 2, 2]  init 10**6  YZID 0  result [1056216 1155916 1117444  934997  989342 1143503  926609 1278123 1109836
 1255862  974098 1065316 1048070  965722 1086282 1015175]  
2019-09-07 21:31:26,811 - Log1 - Level 5 - Test asset  Dealing  blocksize 16 batchsize 5 dispatch [1, 2, 2]  init 10**6  YZID 1  result [1138024 1279321 1195644  981817 1003070 1294282 1106444  989430 1063204
 1076864 1137541 1249070 1015354 1294671 1061524  960752]  
2019-09-07 21:31:26,811 - Log1 - Level 5 - Test asset  Dealing  blocksize 16 batchsize 5 dispatch [1, 2, 2]  init 10**6  YZID 2  result [1059186 1147182 1008254  912851 1069382 1000000 1188161  914666 1004385
 1205646 1206393 1164232 1084512 1075170 1072623 1009585]  
2019-09-07 21:31:26,811 - Log1 - Level 5 - Test asset  Dealing  blocksize 16 batchsize 5 dispatch [1, 2, 2]  init 10**6  YZID 3  result [ 966460 1035037  955697 1035916  990642 1303342 1015308 1109797 1400341
  998997 1103290 1089614 1165161 1024913 1076236  997919]  
2019-09-07 21:31:27,593 - Log1 - Level 5 - Test asset  Dealing  blocksize 16 batchsize 5 dispatch [1, 2, 2]  init 10**6  YZID 0  result [1213837 1232083  919385 1246611 1120426 1050810 1248630 1095588 1125065
 1005769 1007387 1149793 1093157 1410710  969996  966340]  
2019-09-07 21:31:27,593 - Log1 - Level 5 - Test asset  Dealing  blocksize 16 batchsize 5 dispatch [1, 2, 2]  init 10**6  YZID 1  result [1141964 1038424 1096092  956170 1038913 1023374 1095560 1057047 1199643
 1093423 1074900 1115500  914333 1121509 1139448 1104021]  
2019-09-07 21:31:27,593 - Log1 - Level 5 - Test asset  Dealing  blocksize 16 batchsize 5 dispatch [1, 2, 2]  init 10**6  YZID 2  result [ 964756  945030 1006139 1214970 1254138 1335364 1138474  965644 1116558
  990552 1021919 1198233 1055807 1147655 1179148 1003016]  
2019-09-07 21:31:27,593 - Log1 - Level 5 - Test asset  Dealing  blocksize 16 batchsize 5 dispatch [1, 2, 2]  init 10**6  YZID 3  result [1265257 1224498 1192864 1176762 1062727 1001385 1036752 1240657  974403
 1110553 1050296  939561  989250 1108057 1153863  990638]  
2019-09-07 21:31:28,359 - Log1 - Level 5 - Test asset  Dealing  blocksize 16 batchsize 5 dispatch [1, 2, 2]  init 10**6  YZID 0  result [1038143 1285541 1164131 1079210  965387 1309106 1343638 1242427  983748
  991081 1030583 1177172 1017502 1231761 1113922 1154789]  
2019-09-07 21:31:28,359 - Log1 - Level 5 - Test asset  Dealing  blocksize 16 batchsize 5 dispatch [1, 2, 2]  init 10**6  YZID 1  result [1180410 1152115 1316637 1262306  903023  951290 1017904  977507 1120934
 1170022 1314424 1064047 1304219 1190990 1184601 1028758]  
2019-09-07 21:31:28,359 - Log1 - Level 5 - Test asset  Dealing  blocksize 16 batchsize 5 dispatch [1, 2, 2]  init 10**6  YZID 2  result [1260107 1123978  958544 1157774 1191835 1164980 1101347 1195991 1128912
  932159 1183107 1161252 1391197  925979 1131810 1052093]  
2019-09-07 21:31:28,359 - Log1 - Level 5 - Test asset  Dealing  blocksize 16 batchsize 5 dispatch [1, 2, 2]  init 10**6  YZID 3  result [1109490 1126161 1013276 1138999 1014951  998116 1014878 1080364 1238197
 1344300 1000000 1303454 1156817 1176075 1038498 1194203]  
2019-09-07 21:31:29,124 - Log1 - Level 5 - Test asset  Dealing  blocksize 16 batchsize 5 dispatch [1, 2, 2]  init 10**6  YZID 0  result [1160652 1314519 1057383 1039220 1172281 1131881  961721 1168411 1033528
 1049627 1057426 1150753 1186627 1113875 1093628 1065555]  
2019-09-07 21:31:29,124 - Log1 - Level 5 - Test asset  Dealing  blocksize 16 batchsize 5 dispatch [1, 2, 2]  init 10**6  YZID 1  result [1023961 1019456  975317 1049038 1108128 1182375 1291410 1046743  976981
 1201175 1257273 1156751 1070419 1150601 1312196 1000000]  
2019-09-07 21:31:29,140 - Log1 - Level 5 - Test asset  Dealing  blocksize 16 batchsize 5 dispatch [1, 2, 2]  init 10**6  YZID 2  result [1182776 1078931 1017909 1139504 1276150 1130931 1043583 1308864  987031
 1087717 1000000 1159852  991158 1123941  986908 1082619]  
2019-09-07 21:31:29,140 - Log1 - Level 5 - Test asset  Dealing  blocksize 16 batchsize 5 dispatch [1, 2, 2]  init 10**6  YZID 3  result [ 918518 1044163 1079414 1039245 1017419  995196  943693 1092800 1172090
 1014783 1110176 1072477 1061305 1053388 1140788 1140307]  
2019-09-07 21:31:29,140 - Log1 - WARNING - Test asset Result shared (16) dispatch (1 , 2  , 2) 5 times  Inner(31540 times)  elapsed_time:4.1673[sec]  CheckSum []  
2019-09-07 21:31:29,140 - Log1 - Level 5 - Entry Array  [500000.0, 1410710.5]
2019-09-07 21:31:29,140 - Log1 - Level 5 - Entry Array  [500000.0, 1316637.625]
2019-09-07 21:31:29,140 - Log1 - Level 5 - Entry Array  [500000.0, 1391197.25]
2019-09-07 21:31:29,140 - Log1 - Level 5 - Entry Array  [500000.0, 1400341.75]
2019-09-07 21:31:29,171 - Log1 - WARNING - 0 th  output 1262839.375 input [3.90000000e+01 8.00000000e+00 3.13999996e+01 7.40000000e+01
 5.20000000e+01 4.60000000e+01 8.00000038e-03 2.50000000e-01]
2019-09-07 21:31:29,171 - Log1 - WARNING - 319 th  output 1140307.500 input [5.70000000e+01 1.60000000e+01 3.50000000e+01 8.40000000e+01
 4.60000000e+01 1.93000000e+02 6.00000005e-03 3.00000012e-01]
2019-09-07 21:31:29,312 - Log1 - INFO - Ssbo Set io io bbid(5)  shape((320, 9))  data_shape((320, 9))
2019-09-07 21:31:29,312 - Log1 - Level 5 - Set parameter  validate True 
2019-09-07 21:31:35,876 - Log1 - INFO - Output : path [161]  result [1374677.25]
2019-09-07 21:31:55,051 - Log1 - INFO - Output : path [45]  result [1410710.5]
2019-09-07 21:32:05,271 - Log1 - Level 5 - TestVisual  Dealing Draw blocksize 16  dispatch [1, 2, 2]  init 10**6  result [1410710 1410710 1410710 1410710]  Pid 45 
2019-09-07 21:32:05,271 - Log1 - WARNING - TestVisual Result shared (16) dispatch (1 , 2  , 2) 1 times  Inner(31540 times)  elapsed_time:0.9532[sec]  CheckSum []  
2019-09-07 21:32:05,271 - Log1 - INFO - parameters   [10.0, 5.0, 35.0, 78.0, 63.0, 136.0, 0.008999999612569809, 0.20000000298023224, 1410710.5]  
2019-09-07 21:32:05,365 - Log1 - Level 5 - Forward OverAll  2019.08.01 ==>  2019.09.01  GBPAUD(M1)
2019-09-07 21:33:26,458 - Log1 - Level 5 - param output  [1262839.375, 982320.5625, 1072523.625, 1032600.375, 1203257.5, 1109090.375, 1086656.875, 1171618.5, 965294.5, 1137457.25, 1075930.875, 961161.5, 1004577.125, 1260598.875, 1072598.0, 1266274.25, 1056216.0, 1155916.5, 1117444.25, 934997.5625, 989342.0, 1143503.25, 926609.0, 1278123.75, 1109836.75, 1255862.5, 974098.5, 1065316.75, 1048070.3125, 965722.3125, 1086282.375, 1015175.0625, 1213837.375, 1232083.5, 919385.9375, 1246611.875, 1120426.0, 1050810.25, 1248630.5, 1095588.375, 1125065.5, 1005769.0625, 1007387.5625, 1149793.125, 1093157.0, 1410710.5, 969996.6875, 966340.625, 1038143.625, 1285541.0, 1164131.5, 1079210.75, 965387.75, 1309106.625, 1343638.75, 1242427.875, 983748.0, 991081.625, 1030583.0625, 1177172.25, 1017502.625, 1231761.25, 1113922.625, 1154789.75, 1160652.125, 1314519.5, 1057383.375, 1039220.5625, 1172281.5, 1131881.5, 961721.5625, 1168411.125, 1033528.9375, 1049627.75, 1057426.5, 1150753.25, 1186627.5, 1113875.875, 1093628.875, 1065555.0, 1288756.0, 1219981.625, 904440.4375, 979955.875, 1251229.875, 989696.375, 976838.8125, 1045370.5, 1294936.0, 936059.75, 1001413.6875, 1024771.5625, 997947.625, 955616.5, 949802.125, 1086871.125, 1138024.0, 1279321.75, 1195644.375, 981817.6875, 1003070.8125, 1294282.75, 1106444.875, 989430.25, 1063204.125, 1076864.875, 1137541.125, 1249070.125, 1015354.9375, 1294671.125, 1061524.875, 960752.6875, 1141964.375, 1038424.9375, 1096092.75, 956170.25, 1038913.0625, 1023374.0625, 1095560.625, 1057047.25, 1199643.375, 1093423.375, 1074900.875, 1115500.5, 914333.625, 1121509.25, 1139448.0, 1104021.75, 1180410.0, 1152115.0, 1316637.625, 1262306.375, 903023.125, 951290.1875, 1017904.5, 977507.8125, 1120934.25, 1170022.5, 1314424.25, 1064047.875, 1304219.0, 1190990.875, 1184601.25, 1028758.6875, 1023961.125, 1019456.75, 975317.625, 1049038.125, 1108128.75, 1182375.75, 1291410.25, 1046743.5, 976981.375, 1201175.375, 1257273.75, 1156751.0, 1070419.625, 1150601.125, 1312196.75, 1000000.0, 1219556.0, 1374677.25, 1176652.125, 1044009.125, 993082.0, 1037932.8125, 1149179.25, 986660.875, 1067424.0, 1049284.875, 953480.1875, 1151851.375, 998410.5, 1083000.125, 1016092.875, 1075798.875, 1059186.625, 1147182.75, 1008254.5, 912851.1875, 1069382.375, 1000000.0, 1188161.625, 914666.25, 1004385.875, 1205646.0, 1206393.75, 1164232.0, 1084512.625, 1075170.5, 1072623.5, 1009585.125, 964756.9375, 945030.0625, 1006139.625, 1214970.5, 1254138.5, 1335364.125, 1138474.75, 965644.75, 1116558.625, 990552.9375, 1021919.5, 1198233.5, 1055807.125, 1147655.25, 1179148.25, 1003016.625, 1260107.625, 1123978.125, 958544.4375, 1157774.875, 1191835.625, 1164980.0, 1101347.75, 1195991.875, 1128912.375, 932159.625, 1183107.375, 1161252.625, 1391197.25, 925979.875, 1131810.75, 1052093.5, 1182776.5, 1078931.75, 1017909.3125, 1139504.125, 1276150.75, 1130931.125, 1043583.75, 1308864.375, 987031.125, 1087717.0, 1000000.0, 1159852.625, 991158.25, 1123941.625, 986908.6875, 1082619.0, 1000000.0, 1006362.9375, 1259623.25, 1036584.8125, 1002773.625, 959251.0, 1027121.9375, 1230524.375, 1095214.625, 1381410.875, 1100888.25, 1235183.125, 1029973.5, 1335692.5, 1142032.375, 1076988.5, 966460.5625, 1035037.8125, 955697.6875, 1035916.375, 990642.1875, 1303342.125, 1015308.5, 1109797.5, 1400341.75, 998997.375, 1103290.5, 1089614.375, 1165161.375, 1024913.1875, 1076236.25, 997919.875, 1265257.125, 1224498.625, 1192864.5, 1176762.375, 1062727.625, 1001385.75, 1036752.375, 1240657.875, 974403.375, 1110553.25, 1050296.25, 939561.1875, 989250.3125, 1108057.875, 1153863.625, 990638.75, 1109490.5, 1126161.75, 1013276.1875, 1138999.625, 1014951.0625, 998116.25, 1014878.1875, 1080364.875, 1238197.125, 1344300.125, 1000000.0, 1303454.0, 1156817.0, 1176075.875, 1038498.5625, 1194203.75, 918518.0625, 1044163.3125, 1079414.625, 1039245.75, 1017419.875, 995196.8125, 943693.1875, 1092800.375, 1172090.0, 1014783.375, 1110176.625, 1072477.875, 1061305.5, 1053388.125, 1140788.0, 1140307.5]
2019-09-07 21:33:26,473 - Log1 - INFO - MaxParameter [10.0, 5.0, 35.0, 78.0, 63.0, 136.0, 0.008999999612569809, 0.20000000298023224]     result 1410710.500
2019-09-07 21:33:26,473 - Log1 - INFO - MaxParameter [5.0, 72.0, 20.600000381469727, 59.0, 117.0, 93.0, 0.008999999612569809, 0.25]     result 1400341.750
2019-09-07 21:33:26,473 - Log1 - INFO - MaxParameter [22.0, 23.0, 19.399999618530273, 59.0, 93.0, 70.0, 0.006000000052154064, 0.10000000149011612]     result 1391197.250
2019-09-07 21:33:26,473 - Log1 - INFO - MaxParameter [42.0, 29.0, 11.0, 110.0, 110.0, 204.0, 0.006000000052154064, 0.10000000149011612]     result 1381410.875
2019-09-07 21:33:26,473 - Log1 - Level 5 - sampling mu 67.5000  0-21  80 
2019-09-07 21:33:26,473 - Log1 - Level 5 - sampling mu 48.5000  0-21  80 
2019-09-07 21:33:26,473 - Log1 - Level 5 - sampling mu 48.5000  0-21  80 
2019-09-07 21:33:26,473 - Log1 - Level 5 - sampling mu 99.5000  0-21  80 
2019-09-07 21:33:26,473 - Log1 - Level 5 - sampling mu 52.5000  0-21  80 
2019-09-07 21:33:26,473 - Log1 - Level 5 - sampling mu 106.5000  0-21  80 
2019-09-07 21:33:26,473 - Log1 - Level 5 - sampling mu 82.5000  0-21  80 
2019-09-07 21:33:26,473 - Log1 - Level 5 - sampling mu 99.5000  0-21  80 
2019-09-07 21:33:26,473 - Log1 - Level 5 - sampling mu 0.0050  0-1  80 
2019-09-07 21:33:26,473 - Log1 - Level 5 - sampling mu 0.0050  0-1  80 
2019-09-07 21:33:26,473 - Log1 - Level 5 - sampling mu 0.0050  0-1  80 
2019-09-07 21:33:26,473 - Log1 - Level 5 - sampling mu 0.0050  0-1  80 
2019-09-07 21:33:26,473 - Log1 - INFO - Ssbo Set io io bbid(5)  shape((320, 9))  data_shape((320, 9))
2019-09-07 21:33:26,473 - Log1 - WARNING - 0 th  output 0.000 input [1.00000000e+01 5.00000000e+00 3.50000000e+01 6.85000000e+01
 5.25000000e+01 1.36000000e+02 5.00000000e-03 2.00000003e-01]
2019-09-07 21:33:26,473 - Log1 - WARNING - 319 th  output 0.000 input [4.20000000e+01 2.90000000e+01 1.10000000e+01 1.02500000e+02
 1.06500000e+02 2.04000000e+02 5.00000000e-03 1.00000001e-01]
2019-09-07 21:33:27,520 - Log1 - Level 5 - Test asset  Dealing  blocksize 16 batchsize 5 dispatch [1, 2, 2]  init 10**6  YZID 0  result [1161234 1231693 1260159 1241758 1201255 1126445 1199119 1157366 1089960
 1210049 1079974 1229726 1184744 1196910 1219722 1282187]  
2019-09-07 21:33:27,520 - Log1 - Level 5 - Test asset  Dealing  blocksize 16 batchsize 5 dispatch [1, 2, 2]  init 10**6  YZID 1  result [1191013 1209523 1140412 1304389 1260028 1209251 1133346 1131876 1205500
  929349 1258623 1144641 1209633 1149524 1237289 1244959]  
2019-09-07 21:33:27,520 - Log1 - Level 5 - Test asset  Dealing  blocksize 16 batchsize 5 dispatch [1, 2, 2]  init 10**6  YZID 2  result [1292488 1332229 1387163 1281435 1250501 1229648 1232922 1318611 1332870
 1348511 1292132 1306592 1219087 1312078 1303977 1281855]  
2019-09-07 21:33:27,520 - Log1 - Level 5 - Test asset  Dealing  blocksize 16 batchsize 5 dispatch [1, 2, 2]  init 10**6  YZID 3  result [1271728 1180588 1182310 1341593 1288725 1138122 1195426 1225915 1272075
 1362402 1246212 1236299 1291715 1288243 1180725 1330231]  
2019-09-07 21:33:28,271 - Log1 - Level 5 - Test asset  Dealing  blocksize 16 batchsize 5 dispatch [1, 2, 2]  init 10**6  YZID 0  result [1182566 1117035 1178796 1233257 1157113 1221872 1206612 1229721 1267847
 1227061 1177730 1148763 1170815 1156727 1197046 1163510]  
2019-09-07 21:33:28,271 - Log1 - Level 5 - Test asset  Dealing  blocksize 16 batchsize 5 dispatch [1, 2, 2]  init 10**6  YZID 1  result [1206714 1132099 1192589 1201824 1152868 1209311 1211517 1173243 1281666
 1211906 1185478 1187605 1131612 1155135 1261330  924173]  
2019-09-07 21:33:28,271 - Log1 - Level 5 - Test asset  Dealing  blocksize 16 batchsize 5 dispatch [1, 2, 2]  init 10**6  YZID 2  result [1312078 1277171 1232388 1333197 1330057 1249942 1343163 1310925 1232922
 1292587 1228415 1312508 1359916 1373121 1373304 1287783]  
2019-09-07 21:33:28,271 - Log1 - Level 5 - Test asset  Dealing  blocksize 16 batchsize 5 dispatch [1, 2, 2]  init 10**6  YZID 3  result [1251675 1239191 1249903 1339844 1243204 1252322 1275085 1365485 1302163
 1333054 1310968 1220385 1369632 1233815 1273750 1273518]  
2019-09-07 21:33:29,036 - Log1 - Level 5 - Test asset  Dealing  blocksize 16 batchsize 5 dispatch [1, 2, 2]  init 10**6  YZID 0  result [1128588 1199119 1301902 1217103 1165554 1214720 1241028 1226491 1189901
 1240407 1196695 1175087 1188898 1270058 1185091 1263399]  
2019-09-07 21:33:29,036 - Log1 - Level 5 - Test asset  Dealing  blocksize 16 batchsize 5 dispatch [1, 2, 2]  init 10**6  YZID 1  result [ 932712 1260328 1147798 1244784 1260343 1175850 1212447 1149524 1246030
 1304389 1262144 1273267 1214164 1218161 1234343 1209251]  
2019-09-07 21:33:29,036 - Log1 - Level 5 - Test asset  Dealing  blocksize 16 batchsize 5 dispatch [1, 2, 2]  init 10**6  YZID 2  result [1348704 1219087 1227507 1232922 1278223 1329623 1323214 1309014 1292488
 1293072 1384694 1292132 1272883 1322244 1333197 1313725]  
2019-09-07 21:33:29,036 - Log1 - Level 5 - Test asset  Dealing  blocksize 16 batchsize 5 dispatch [1, 2, 2]  init 10**6  YZID 3  result [1221195 1246864 1307702 1294163 1329138 1225915 1232768 1138559 1296965
 1288165 1150887 1326149 1184208 1182684 1227745 1239191]  
2019-09-07 21:33:29,786 - Log1 - Level 5 - Test asset  Dealing  blocksize 16 batchsize 5 dispatch [1, 2, 2]  init 10**6  YZID 0  result [1123779 1182350 1135055 1092255 1168470 1178530 1235209 1117035 1222829
 1223652 1229726 1176555 1190105 1156795 1092255 1307946]  
2019-09-07 21:33:29,786 - Log1 - Level 5 - Test asset  Dealing  blocksize 16 batchsize 5 dispatch [1, 2, 2]  init 10**6  YZID 1  result [1225681 1150218 1167106 1233133 1273730 1215720  932458 1240945 1206532
 1192684 1131883 1169207 1256594 1209633 1149501 1237253]  
2019-09-07 21:33:29,786 - Log1 - Level 5 - Test asset  Dealing  blocksize 16 batchsize 5 dispatch [1, 2, 2]  init 10**6  YZID 2  result [1346931 1264496 1305051 1311884 1219565 1273731 1272782 1322244 1233772
 1287885 1224441 1256822 1328823 1275741 1275741 1267530]  
2019-09-07 21:33:29,786 - Log1 - Level 5 - Test asset  Dealing  blocksize 16 batchsize 5 dispatch [1, 2, 2]  init 10**6  YZID 3  result [1074497 1327692 1351740 1265821 1292476 1307702 1255848 1182684 1227108
 1229090 1279546 1313273 1312836 1295299 1239896 1249547]  
2019-09-07 21:33:30,552 - Log1 - Level 5 - Test asset  Dealing  blocksize 16 batchsize 5 dispatch [1, 2, 2]  init 10**6  YZID 0  result [1180547 1203555 1245637 1263399 1187660 1239776 1241688 1172532 1079974
 1129654 1248149 1153747 1224978 1089960 1201559 1241028]  
2019-09-07 21:33:30,552 - Log1 - Level 5 - Test asset  Dealing  blocksize 16 batchsize 5 dispatch [1, 2, 2]  init 10**6  YZID 1  result [1188062 1241961 1229660 1178440 1211350 1242574 1208604 1260328 1238866
 1133346 1165006 1131863  926473 1232452 1322981 1190227]  
2019-09-07 21:33:30,552 - Log1 - Level 5 - Test asset  Dealing  blocksize 16 batchsize 5 dispatch [1, 2, 2]  init 10**6  YZID 2  result [1365443 1249669 1278223 1328656 1267530 1232922 1233772 1387163 1273731
 1228347 1314645 1309577 1293072 1297617 1226198 1219820]  
2019-09-07 21:33:30,552 - Log1 - Level 5 - Test asset  Dealing  blocksize 16 batchsize 5 dispatch [1, 2, 2]  init 10**6  YZID 3  result [1361315 1173507 1257902 1361315 1247781 1151785 1208048 1198083 1110250
 1187038 1246553 1173617 1196236 1182070 1302163 1228934]  
2019-09-07 21:33:30,552 - Log1 - WARNING - Test asset Result shared (16) dispatch (1 , 2  , 2) 5 times  Inner(31540 times)  elapsed_time:4.0787[sec]  CheckSum []  
2019-09-07 21:33:30,552 - Log1 - Level 5 - Entry Array  [500000.0, 1307946.625]
2019-09-07 21:33:30,552 - Log1 - Level 5 - Entry Array  [500000.0, 1322981.5]
2019-09-07 21:33:30,552 - Log1 - Level 5 - Entry Array  [500000.0, 1387163.125]
2019-09-07 21:33:30,552 - Log1 - Level 5 - Entry Array  [500000.0, 1369632.25]
2019-09-07 21:33:30,568 - Log1 - WARNING - 0 th  output 1161234.125 input [1.00000000e+01 5.00000000e+00 3.50000000e+01 6.85000000e+01
 5.25000000e+01 1.36000000e+02 4.99999989e-03 2.00000003e-01]
2019-09-07 21:33:30,568 - Log1 - WARNING - 319 th  output 1228934.375 input [4.20000000e+01 2.90000000e+01 1.10000000e+01 1.02500000e+02
 1.06500000e+02 2.04000000e+02 4.99999989e-03 1.00000001e-01]
2019-09-07 21:33:30,568 - Log1 - INFO - Ssbo Set io io bbid(5)  shape((320, 9))  data_shape((320, 9))
2019-09-07 21:33:30,568 - Log1 - Level 5 - Set parameter  validate True 
2019-09-07 21:33:40,241 - Log1 - Level 5 - Entry Array  [500000.0, 1307946.625]
2019-09-07 21:33:40,241 - Log1 - Level 5 - Entry Array  [500000.0, 1322981.5]
2019-09-07 21:33:40,241 - Log1 - Level 5 - Entry Array  [500000.0, 1387163.125]
2019-09-07 21:33:40,241 - Log1 - Level 5 - Entry Array  [500000.0, 1369632.25]
2019-09-07 21:33:40,272 - Log1 - WARNING - 0 th  output 1161234.125 input [1.00000000e+01 5.00000000e+00 3.50000000e+01 6.85000000e+01
 5.25000000e+01 1.36000000e+02 4.99999989e-03 2.00000003e-01]
2019-09-07 21:33:40,288 - Log1 - WARNING - 319 th  output 1228934.375 input [4.20000000e+01 2.90000000e+01 1.10000000e+01 1.02500000e+02
 1.06500000e+02 2.04000000e+02 4.99999989e-03 1.00000001e-01]
2019-09-07 21:33:40,319 - Log1 - Level 5 - Entry Array  [500000.0, 1307946.625]
2019-09-07 21:33:40,319 - Log1 - Level 5 - Entry Array  [500000.0, 1322981.5]
2019-09-07 21:33:40,319 - Log1 - Level 5 - Entry Array  [500000.0, 1387163.125]
2019-09-07 21:33:40,319 - Log1 - Level 5 - Entry Array  [500000.0, 1369632.25]
2019-09-07 21:33:40,366 - Log1 - WARNING - 0 th  output 1161234.125 input [1.00000000e+01 5.00000000e+00 3.50000000e+01 6.85000000e+01
 5.25000000e+01 1.36000000e+02 4.99999989e-03 2.00000003e-01]
2019-09-07 21:33:40,366 - Log1 - WARNING - 319 th  output 1228934.375 input [4.20000000e+01 2.90000000e+01 1.10000000e+01 1.02500000e+02
 1.06500000e+02 2.04000000e+02 4.99999989e-03 1.00000001e-01]
2019-09-07 21:33:40,397 - Log1 - Level 5 - Entry Array  [500000.0, 1307946.625]
2019-09-07 21:33:40,397 - Log1 - Level 5 - Entry Array  [500000.0, 1322981.5]
2019-09-07 21:33:40,397 - Log1 - Level 5 - Entry Array  [500000.0, 1387163.125]
2019-09-07 21:33:40,397 - Log1 - Level 5 - Entry Array  [500000.0, 1369632.25]
2019-09-07 21:33:40,429 - Log1 - WARNING - 0 th  output 1161234.125 input [1.00000000e+01 5.00000000e+00 3.50000000e+01 6.85000000e+01
 5.25000000e+01 1.36000000e+02 4.99999989e-03 2.00000003e-01]
2019-09-07 21:33:40,429 - Log1 - WARNING - 319 th  output 1228934.375 input [4.20000000e+01 2.90000000e+01 1.10000000e+01 1.02500000e+02
 1.06500000e+02 2.04000000e+02 4.99999989e-03 1.00000001e-01]
2019-09-07 21:33:40,460 - Log1 - Level 5 - Entry Array  [500000.0, 1307946.625]
2019-09-07 21:33:40,460 - Log1 - Level 5 - Entry Array  [500000.0, 1322981.5]
2019-09-07 21:33:40,460 - Log1 - Level 5 - Entry Array  [500000.0, 1387163.125]
2019-09-07 21:33:40,460 - Log1 - Level 5 - Entry Array  [500000.0, 1369632.25]
2019-09-07 21:33:40,491 - Log1 - WARNING - 0 th  output 1161234.125 input [1.00000000e+01 5.00000000e+00 3.50000000e+01 6.85000000e+01
 5.25000000e+01 1.36000000e+02 4.99999989e-03 2.00000003e-01]
2019-09-07 21:33:40,491 - Log1 - WARNING - 319 th  output 1228934.375 input [4.20000000e+01 2.90000000e+01 1.10000000e+01 1.02500000e+02
 1.06500000e+02 2.04000000e+02 4.99999989e-03 1.00000001e-01]
2019-09-07 21:33:40,538 - Log1 - Level 5 - Entry Array  [500000.0, 1307946.625]
2019-09-07 21:33:40,538 - Log1 - Level 5 - Entry Array  [500000.0, 1322981.5]
2019-09-07 21:33:40,538 - Log1 - Level 5 - Entry Array  [500000.0, 1387163.125]
2019-09-07 21:33:40,538 - Log1 - Level 5 - Entry Array  [500000.0, 1369632.25]
2019-09-07 21:33:40,569 - Log1 - WARNING - 0 th  output 1161234.125 input [1.00000000e+01 5.00000000e+00 3.50000000e+01 6.85000000e+01
 5.25000000e+01 1.36000000e+02 4.99999989e-03 2.00000003e-01]
2019-09-07 21:33:40,569 - Log1 - WARNING - 319 th  output 1228934.375 input [4.20000000e+01 2.90000000e+01 1.10000000e+01 1.02500000e+02
 1.06500000e+02 2.04000000e+02 4.99999989e-03 1.00000001e-01]
2019-09-07 21:33:40,600 - Log1 - Level 5 - Entry Array  [500000.0, 1307946.625]
2019-09-07 21:33:40,600 - Log1 - Level 5 - Entry Array  [500000.0, 1322981.5]
2019-09-07 21:33:40,600 - Log1 - Level 5 - Entry Array  [500000.0, 1387163.125]
2019-09-07 21:33:40,600 - Log1 - Level 5 - Entry Array  [500000.0, 1369632.25]
2019-09-07 21:33:40,632 - Log1 - WARNING - 0 th  output 1161234.125 input [1.00000000e+01 5.00000000e+00 3.50000000e+01 6.85000000e+01
 5.25000000e+01 1.36000000e+02 4.99999989e-03 2.00000003e-01]
2019-09-07 21:33:40,632 - Log1 - WARNING - 319 th  output 1228934.375 input [4.20000000e+01 2.90000000e+01 1.10000000e+01 1.02500000e+02
 1.06500000e+02 2.04000000e+02 4.99999989e-03 1.00000001e-01]
2019-09-07 21:33:40,663 - Log1 - Level 5 - Entry Array  [500000.0, 1307946.625]
2019-09-07 21:33:40,663 - Log1 - Level 5 - Entry Array  [500000.0, 1322981.5]
2019-09-07 21:33:40,663 - Log1 - Level 5 - Entry Array  [500000.0, 1387163.125]
2019-09-07 21:33:40,663 - Log1 - Level 5 - Entry Array  [500000.0, 1369632.25]
2019-09-07 21:33:40,694 - Log1 - WARNING - 0 th  output 1161234.125 input [1.00000000e+01 5.00000000e+00 3.50000000e+01 6.85000000e+01
 5.25000000e+01 1.36000000e+02 4.99999989e-03 2.00000003e-01]
2019-09-07 21:33:40,694 - Log1 - WARNING - 319 th  output 1228934.375 input [4.20000000e+01 2.90000000e+01 1.10000000e+01 1.02500000e+02
 1.06500000e+02 2.04000000e+02 4.99999989e-03 1.00000001e-01]
2019-09-07 21:33:41,460 - Log1 - Level 5 - Entry Array  [500000.0, 1307946.625]
2019-09-07 21:33:41,460 - Log1 - Level 5 - Entry Array  [500000.0, 1322981.5]
2019-09-07 21:33:41,460 - Log1 - Level 5 - Entry Array  [500000.0, 1387163.125]
2019-09-07 21:33:41,460 - Log1 - Level 5 - Entry Array  [500000.0, 1369632.25]
2019-09-07 21:33:41,491 - Log1 - WARNING - 0 th  output 1161234.125 input [1.00000000e+01 5.00000000e+00 3.50000000e+01 6.85000000e+01
 5.25000000e+01 1.36000000e+02 4.99999989e-03 2.00000003e-01]
2019-09-07 21:33:41,491 - Log1 - WARNING - 319 th  output 1228934.375 input [4.20000000e+01 2.90000000e+01 1.10000000e+01 1.02500000e+02
 1.06500000e+02 2.04000000e+02 4.99999989e-03 1.00000001e-01]
2019-09-07 21:33:41,569 - Log1 - Level 5 - Entry Array  [500000.0, 1307946.625]
2019-09-07 21:33:41,569 - Log1 - Level 5 - Entry Array  [500000.0, 1322981.5]
2019-09-07 21:33:41,569 - Log1 - Level 5 - Entry Array  [500000.0, 1387163.125]
2019-09-07 21:33:41,569 - Log1 - Level 5 - Entry Array  [500000.0, 1369632.25]
2019-09-07 21:33:41,601 - Log1 - WARNING - 0 th  output 1161234.125 input [1.00000000e+01 5.00000000e+00 3.50000000e+01 6.85000000e+01
 5.25000000e+01 1.36000000e+02 4.99999989e-03 2.00000003e-01]
2019-09-07 21:33:41,601 - Log1 - WARNING - 319 th  output 1228934.375 input [4.20000000e+01 2.90000000e+01 1.10000000e+01 1.02500000e+02
 1.06500000e+02 2.04000000e+02 4.99999989e-03 1.00000001e-01]
2019-09-07 21:33:41,647 - Log1 - Level 5 - Entry Array  [500000.0, 1307946.625]
2019-09-07 21:33:41,647 - Log1 - Level 5 - Entry Array  [500000.0, 1322981.5]
2019-09-07 21:33:41,647 - Log1 - Level 5 - Entry Array  [500000.0, 1387163.125]
2019-09-07 21:33:41,647 - Log1 - Level 5 - Entry Array  [500000.0, 1369632.25]
2019-09-07 21:33:41,679 - Log1 - WARNING - 0 th  output 1161234.125 input [1.00000000e+01 5.00000000e+00 3.50000000e+01 6.85000000e+01
 5.25000000e+01 1.36000000e+02 4.99999989e-03 2.00000003e-01]
2019-09-07 21:33:41,679 - Log1 - WARNING - 319 th  output 1228934.375 input [4.20000000e+01 2.90000000e+01 1.10000000e+01 1.02500000e+02
 1.06500000e+02 2.04000000e+02 4.99999989e-03 1.00000001e-01]
2019-09-07 21:33:44,679 - Log1 - Level 5 - Entry Array  [500000.0, 1307946.625]
2019-09-07 21:33:44,679 - Log1 - Level 5 - Entry Array  [500000.0, 1322981.5]
2019-09-07 21:33:44,679 - Log1 - Level 5 - Entry Array  [500000.0, 1387163.125]
2019-09-07 21:33:44,679 - Log1 - Level 5 - Entry Array  [500000.0, 1369632.25]
2019-09-07 21:33:44,695 - Log1 - WARNING - 0 th  output 1161234.125 input [1.00000000e+01 5.00000000e+00 3.50000000e+01 6.85000000e+01
 5.25000000e+01 1.36000000e+02 4.99999989e-03 2.00000003e-01]
2019-09-07 21:33:44,695 - Log1 - WARNING - 319 th  output 1228934.375 input [4.20000000e+01 2.90000000e+01 1.10000000e+01 1.02500000e+02
 1.06500000e+02 2.04000000e+02 4.99999989e-03 1.00000001e-01]
2019-09-07 21:33:44,757 - Log1 - Level 5 - Entry Array  [500000.0, 1307946.625]
2019-09-07 21:33:44,757 - Log1 - Level 5 - Entry Array  [500000.0, 1322981.5]
2019-09-07 21:33:44,757 - Log1 - Level 5 - Entry Array  [500000.0, 1387163.125]
2019-09-07 21:33:44,757 - Log1 - Level 5 - Entry Array  [500000.0, 1369632.25]
2019-09-07 21:33:44,788 - Log1 - WARNING - 0 th  output 1161234.125 input [1.00000000e+01 5.00000000e+00 3.50000000e+01 6.85000000e+01
 5.25000000e+01 1.36000000e+02 4.99999989e-03 2.00000003e-01]
2019-09-07 21:33:44,788 - Log1 - WARNING - 319 th  output 1228934.375 input [4.20000000e+01 2.90000000e+01 1.10000000e+01 1.02500000e+02
 1.06500000e+02 2.04000000e+02 4.99999989e-03 1.00000001e-01]
2019-09-07 21:33:44,820 - Log1 - Level 5 - Entry Array  [500000.0, 1307946.625]
2019-09-07 21:33:44,820 - Log1 - Level 5 - Entry Array  [500000.0, 1322981.5]
2019-09-07 21:33:44,820 - Log1 - Level 5 - Entry Array  [500000.0, 1387163.125]
2019-09-07 21:33:44,820 - Log1 - Level 5 - Entry Array  [500000.0, 1369632.25]
2019-09-07 21:33:44,851 - Log1 - WARNING - 0 th  output 1161234.125 input [1.00000000e+01 5.00000000e+00 3.50000000e+01 6.85000000e+01
 5.25000000e+01 1.36000000e+02 4.99999989e-03 2.00000003e-01]
2019-09-07 21:33:44,851 - Log1 - WARNING - 319 th  output 1228934.375 input [4.20000000e+01 2.90000000e+01 1.10000000e+01 1.02500000e+02
 1.06500000e+02 2.04000000e+02 4.99999989e-03 1.00000001e-01]
2019-09-07 21:33:44,882 - Log1 - Level 5 - Entry Array  [500000.0, 1307946.625]
2019-09-07 21:33:44,882 - Log1 - Level 5 - Entry Array  [500000.0, 1322981.5]
2019-09-07 21:33:44,882 - Log1 - Level 5 - Entry Array  [500000.0, 1387163.125]
2019-09-07 21:33:44,882 - Log1 - Level 5 - Entry Array  [500000.0, 1369632.25]
2019-09-07 21:33:44,913 - Log1 - WARNING - 0 th  output 1161234.125 input [1.00000000e+01 5.00000000e+00 3.50000000e+01 6.85000000e+01
 5.25000000e+01 1.36000000e+02 4.99999989e-03 2.00000003e-01]
2019-09-07 21:33:44,913 - Log1 - WARNING - 319 th  output 1228934.375 input [4.20000000e+01 2.90000000e+01 1.10000000e+01 1.02500000e+02
 1.06500000e+02 2.04000000e+02 4.99999989e-03 1.00000001e-01]
2019-09-07 21:33:44,945 - Log1 - Level 5 - Entry Array  [500000.0, 1307946.625]
2019-09-07 21:33:44,945 - Log1 - Level 5 - Entry Array  [500000.0, 1322981.5]
2019-09-07 21:33:44,945 - Log1 - Level 5 - Entry Array  [500000.0, 1387163.125]
2019-09-07 21:33:44,945 - Log1 - Level 5 - Entry Array  [500000.0, 1369632.25]
2019-09-07 21:33:44,976 - Log1 - WARNING - 0 th  output 1161234.125 input [1.00000000e+01 5.00000000e+00 3.50000000e+01 6.85000000e+01
 5.25000000e+01 1.36000000e+02 4.99999989e-03 2.00000003e-01]
2019-09-07 21:33:44,976 - Log1 - WARNING - 319 th  output 1228934.375 input [4.20000000e+01 2.90000000e+01 1.10000000e+01 1.02500000e+02
 1.06500000e+02 2.04000000e+02 4.99999989e-03 1.00000001e-01]
2019-09-07 21:33:45,023 - Log1 - Level 5 - Entry Array  [500000.0, 1307946.625]
2019-09-07 21:33:45,023 - Log1 - Level 5 - Entry Array  [500000.0, 1322981.5]
2019-09-07 21:33:45,023 - Log1 - Level 5 - Entry Array  [500000.0, 1387163.125]
2019-09-07 21:33:45,023 - Log1 - Level 5 - Entry Array  [500000.0, 1369632.25]
2019-09-07 21:33:45,054 - Log1 - WARNING - 0 th  output 1161234.125 input [1.00000000e+01 5.00000000e+00 3.50000000e+01 6.85000000e+01
 5.25000000e+01 1.36000000e+02 4.99999989e-03 2.00000003e-01]
2019-09-07 21:33:45,054 - Log1 - WARNING - 319 th  output 1228934.375 input [4.20000000e+01 2.90000000e+01 1.10000000e+01 1.02500000e+02
 1.06500000e+02 2.04000000e+02 4.99999989e-03 1.00000001e-01]
2019-09-07 21:33:45,086 - Log1 - Level 5 - Entry Array  [500000.0, 1307946.625]
2019-09-07 21:33:45,086 - Log1 - Level 5 - Entry Array  [500000.0, 1322981.5]
2019-09-07 21:33:45,086 - Log1 - Level 5 - Entry Array  [500000.0, 1387163.125]
2019-09-07 21:33:45,086 - Log1 - Level 5 - Entry Array  [500000.0, 1369632.25]
2019-09-07 21:33:45,117 - Log1 - WARNING - 0 th  output 1161234.125 input [1.00000000e+01 5.00000000e+00 3.50000000e+01 6.85000000e+01
 5.25000000e+01 1.36000000e+02 4.99999989e-03 2.00000003e-01]
2019-09-07 21:33:45,117 - Log1 - WARNING - 319 th  output 1228934.375 input [4.20000000e+01 2.90000000e+01 1.10000000e+01 1.02500000e+02
 1.06500000e+02 2.04000000e+02 4.99999989e-03 1.00000001e-01]
2019-09-07 21:33:45,148 - Log1 - Level 5 - Entry Array  [500000.0, 1307946.625]
2019-09-07 21:33:45,148 - Log1 - Level 5 - Entry Array  [500000.0, 1322981.5]
2019-09-07 21:33:45,148 - Log1 - Level 5 - Entry Array  [500000.0, 1387163.125]
2019-09-07 21:33:45,148 - Log1 - Level 5 - Entry Array  [500000.0, 1369632.25]
2019-09-07 21:33:45,179 - Log1 - WARNING - 0 th  output 1161234.125 input [1.00000000e+01 5.00000000e+00 3.50000000e+01 6.85000000e+01
 5.25000000e+01 1.36000000e+02 4.99999989e-03 2.00000003e-01]
2019-09-07 21:33:45,445 - Log1 - WARNING - 319 th  output 1228934.375 input [4.20000000e+01 2.90000000e+01 1.10000000e+01 1.02500000e+02
 1.06500000e+02 2.04000000e+02 4.99999989e-03 1.00000001e-01]
2019-09-07 21:33:45,507 - Log1 - Level 5 - Entry Array  [500000.0, 1307946.625]
2019-09-07 21:33:45,507 - Log1 - Level 5 - Entry Array  [500000.0, 1322981.5]
2019-09-07 21:33:45,507 - Log1 - Level 5 - Entry Array  [500000.0, 1387163.125]
2019-09-07 21:33:45,507 - Log1 - Level 5 - Entry Array  [500000.0, 1369632.25]
2019-09-07 21:33:45,523 - Log1 - WARNING - 0 th  output 1161234.125 input [1.00000000e+01 5.00000000e+00 3.50000000e+01 6.85000000e+01
 5.25000000e+01 1.36000000e+02 4.99999989e-03 2.00000003e-01]
2019-09-07 21:33:45,523 - Log1 - WARNING - 319 th  output 1228934.375 input [4.20000000e+01 2.90000000e+01 1.10000000e+01 1.02500000e+02
 1.06500000e+02 2.04000000e+02 4.99999989e-03 1.00000001e-01]
2019-09-07 21:33:49,352 - Log1 - Level 5 - Entry Array  [500000.0, 1307946.625]
2019-09-07 21:33:49,352 - Log1 - Level 5 - Entry Array  [500000.0, 1322981.5]
2019-09-07 21:33:49,352 - Log1 - Level 5 - Entry Array  [500000.0, 1387163.125]
2019-09-07 21:33:49,352 - Log1 - Level 5 - Entry Array  [500000.0, 1369632.25]
2019-09-07 21:33:49,383 - Log1 - WARNING - 0 th  output 1161234.125 input [1.00000000e+01 5.00000000e+00 3.50000000e+01 6.85000000e+01
 5.25000000e+01 1.36000000e+02 4.99999989e-03 2.00000003e-01]
2019-09-07 21:33:49,383 - Log1 - WARNING - 319 th  output 1228934.375 input [4.20000000e+01 2.90000000e+01 1.10000000e+01 1.02500000e+02
 1.06500000e+02 2.04000000e+02 4.99999989e-03 1.00000001e-01]
2019-09-07 21:33:49,445 - Log1 - Level 5 - Entry Array  [500000.0, 1307946.625]
2019-09-07 21:33:49,445 - Log1 - Level 5 - Entry Array  [500000.0, 1322981.5]
2019-09-07 21:33:49,445 - Log1 - Level 5 - Entry Array  [500000.0, 1387163.125]
2019-09-07 21:33:49,445 - Log1 - Level 5 - Entry Array  [500000.0, 1369632.25]
2019-09-07 21:33:49,461 - Log1 - WARNING - 0 th  output 1161234.125 input [1.00000000e+01 5.00000000e+00 3.50000000e+01 6.85000000e+01
 5.25000000e+01 1.36000000e+02 4.99999989e-03 2.00000003e-01]
2019-09-07 21:33:49,461 - Log1 - WARNING - 319 th  output 1228934.375 input [4.20000000e+01 2.90000000e+01 1.10000000e+01 1.02500000e+02
 1.06500000e+02 2.04000000e+02 4.99999989e-03 1.00000001e-01]
2019-09-07 21:33:49,508 - Log1 - Level 5 - Entry Array  [500000.0, 1307946.625]
2019-09-07 21:33:49,508 - Log1 - Level 5 - Entry Array  [500000.0, 1322981.5]
2019-09-07 21:33:49,508 - Log1 - Level 5 - Entry Array  [500000.0, 1387163.125]
2019-09-07 21:33:49,508 - Log1 - Level 5 - Entry Array  [500000.0, 1369632.25]
2019-09-07 21:33:49,539 - Log1 - WARNING - 0 th  output 1161234.125 input [1.00000000e+01 5.00000000e+00 3.50000000e+01 6.85000000e+01
 5.25000000e+01 1.36000000e+02 4.99999989e-03 2.00000003e-01]
2019-09-07 21:33:49,539 - Log1 - WARNING - 319 th  output 1228934.375 input [4.20000000e+01 2.90000000e+01 1.10000000e+01 1.02500000e+02
 1.06500000e+02 2.04000000e+02 4.99999989e-03 1.00000001e-01]
2019-09-07 21:33:49,570 - Log1 - Level 5 - Entry Array  [500000.0, 1307946.625]
2019-09-07 21:33:49,570 - Log1 - Level 5 - Entry Array  [500000.0, 1322981.5]
2019-09-07 21:33:49,570 - Log1 - Level 5 - Entry Array  [500000.0, 1387163.125]
2019-09-07 21:33:49,570 - Log1 - Level 5 - Entry Array  [500000.0, 1369632.25]
2019-09-07 21:33:49,602 - Log1 - WARNING - 0 th  output 1161234.125 input [1.00000000e+01 5.00000000e+00 3.50000000e+01 6.85000000e+01
 5.25000000e+01 1.36000000e+02 4.99999989e-03 2.00000003e-01]
2019-09-07 21:33:49,602 - Log1 - WARNING - 319 th  output 1228934.375 input [4.20000000e+01 2.90000000e+01 1.10000000e+01 1.02500000e+02
 1.06500000e+02 2.04000000e+02 4.99999989e-03 1.00000001e-01]
2019-09-07 21:33:49,633 - Log1 - Level 5 - Entry Array  [500000.0, 1307946.625]
2019-09-07 21:33:49,633 - Log1 - Level 5 - Entry Array  [500000.0, 1322981.5]
2019-09-07 21:33:49,633 - Log1 - Level 5 - Entry Array  [500000.0, 1387163.125]
2019-09-07 21:33:49,633 - Log1 - Level 5 - Entry Array  [500000.0, 1369632.25]
2019-09-07 21:33:49,664 - Log1 - WARNING - 0 th  output 1161234.125 input [1.00000000e+01 5.00000000e+00 3.50000000e+01 6.85000000e+01
 5.25000000e+01 1.36000000e+02 4.99999989e-03 2.00000003e-01]
2019-09-07 21:33:49,664 - Log1 - WARNING - 319 th  output 1228934.375 input [4.20000000e+01 2.90000000e+01 1.10000000e+01 1.02500000e+02
 1.06500000e+02 2.04000000e+02 4.99999989e-03 1.00000001e-01]
2019-09-07 21:33:49,695 - Log1 - Level 5 - Entry Array  [500000.0, 1307946.625]
2019-09-07 21:33:49,695 - Log1 - Level 5 - Entry Array  [500000.0, 1322981.5]
2019-09-07 21:33:49,695 - Log1 - Level 5 - Entry Array  [500000.0, 1387163.125]
2019-09-07 21:33:49,695 - Log1 - Level 5 - Entry Array  [500000.0, 1369632.25]
2019-09-07 21:33:49,726 - Log1 - WARNING - 0 th  output 1161234.125 input [1.00000000e+01 5.00000000e+00 3.50000000e+01 6.85000000e+01
 5.25000000e+01 1.36000000e+02 4.99999989e-03 2.00000003e-01]
2019-09-07 21:33:49,726 - Log1 - WARNING - 319 th  output 1228934.375 input [4.20000000e+01 2.90000000e+01 1.10000000e+01 1.02500000e+02
 1.06500000e+02 2.04000000e+02 4.99999989e-03 1.00000001e-01]
2019-09-07 21:33:49,758 - Log1 - Level 5 - Entry Array  [500000.0, 1307946.625]
2019-09-07 21:33:49,758 - Log1 - Level 5 - Entry Array  [500000.0, 1322981.5]
2019-09-07 21:33:49,758 - Log1 - Level 5 - Entry Array  [500000.0, 1387163.125]
2019-09-07 21:33:49,758 - Log1 - Level 5 - Entry Array  [500000.0, 1369632.25]
2019-09-07 21:33:49,789 - Log1 - WARNING - 0 th  output 1161234.125 input [1.00000000e+01 5.00000000e+00 3.50000000e+01 6.85000000e+01
 5.25000000e+01 1.36000000e+02 4.99999989e-03 2.00000003e-01]
2019-09-07 21:33:49,789 - Log1 - WARNING - 319 th  output 1228934.375 input [4.20000000e+01 2.90000000e+01 1.10000000e+01 1.02500000e+02
 1.06500000e+02 2.04000000e+02 4.99999989e-03 1.00000001e-01]
2019-09-07 21:33:49,820 - Log1 - Level 5 - Entry Array  [500000.0, 1307946.625]
2019-09-07 21:33:49,820 - Log1 - Level 5 - Entry Array  [500000.0, 1322981.5]
2019-09-07 21:33:49,820 - Log1 - Level 5 - Entry Array  [500000.0, 1387163.125]
2019-09-07 21:33:49,820 - Log1 - Level 5 - Entry Array  [500000.0, 1369632.25]
2019-09-07 21:33:49,851 - Log1 - WARNING - 0 th  output 1161234.125 input [1.00000000e+01 5.00000000e+00 3.50000000e+01 6.85000000e+01
 5.25000000e+01 1.36000000e+02 4.99999989e-03 2.00000003e-01]
2019-09-07 21:33:49,851 - Log1 - WARNING - 319 th  output 1228934.375 input [4.20000000e+01 2.90000000e+01 1.10000000e+01 1.02500000e+02
 1.06500000e+02 2.04000000e+02 4.99999989e-03 1.00000001e-01]
2019-09-07 21:33:49,883 - Log1 - Level 5 - Entry Array  [500000.0, 1307946.625]
2019-09-07 21:33:49,883 - Log1 - Level 5 - Entry Array  [500000.0, 1322981.5]
2019-09-07 21:33:49,883 - Log1 - Level 5 - Entry Array  [500000.0, 1387163.125]
2019-09-07 21:33:49,883 - Log1 - Level 5 - Entry Array  [500000.0, 1369632.25]
2019-09-07 21:33:49,914 - Log1 - WARNING - 0 th  output 1161234.125 input [1.00000000e+01 5.00000000e+00 3.50000000e+01 6.85000000e+01
 5.25000000e+01 1.36000000e+02 4.99999989e-03 2.00000003e-01]
2019-09-07 21:33:49,914 - Log1 - WARNING - 319 th  output 1228934.375 input [4.20000000e+01 2.90000000e+01 1.10000000e+01 1.02500000e+02
 1.06500000e+02 2.04000000e+02 4.99999989e-03 1.00000001e-01]
2019-09-07 21:33:49,945 - Log1 - Level 5 - Entry Array  [500000.0, 1307946.625]
2019-09-07 21:33:49,945 - Log1 - Level 5 - Entry Array  [500000.0, 1322981.5]
2019-09-07 21:33:49,945 - Log1 - Level 5 - Entry Array  [500000.0, 1387163.125]
2019-09-07 21:33:49,945 - Log1 - Level 5 - Entry Array  [500000.0, 1369632.25]
2019-09-07 21:33:49,976 - Log1 - WARNING - 0 th  output 1161234.125 input [1.00000000e+01 5.00000000e+00 3.50000000e+01 6.85000000e+01
 5.25000000e+01 1.36000000e+02 4.99999989e-03 2.00000003e-01]
2019-09-07 21:33:49,976 - Log1 - WARNING - 319 th  output 1228934.375 input [4.20000000e+01 2.90000000e+01 1.10000000e+01 1.02500000e+02
 1.06500000e+02 2.04000000e+02 4.99999989e-03 1.00000001e-01]
2019-09-07 21:33:50,149 - Log1 - Level 5 - Entry Array  [500000.0, 1307946.625]
2019-09-07 21:33:50,149 - Log1 - Level 5 - Entry Array  [500000.0, 1322981.5]
2019-09-07 21:33:50,149 - Log1 - Level 5 - Entry Array  [500000.0, 1387163.125]
2019-09-07 21:33:50,149 - Log1 - Level 5 - Entry Array  [500000.0, 1369632.25]
2019-09-07 21:33:50,180 - Log1 - WARNING - 0 th  output 1161234.125 input [1.00000000e+01 5.00000000e+00 3.50000000e+01 6.85000000e+01
 5.25000000e+01 1.36000000e+02 4.99999989e-03 2.00000003e-01]
2019-09-07 21:33:50,180 - Log1 - WARNING - 319 th  output 1228934.375 input [4.20000000e+01 2.90000000e+01 1.10000000e+01 1.02500000e+02
 1.06500000e+02 2.04000000e+02 4.99999989e-03 1.00000001e-01]
2019-09-07 21:33:50,211 - Log1 - Level 5 - Entry Array  [500000.0, 1307946.625]
2019-09-07 21:33:50,211 - Log1 - Level 5 - Entry Array  [500000.0, 1322981.5]
2019-09-07 21:33:50,211 - Log1 - Level 5 - Entry Array  [500000.0, 1387163.125]
2019-09-07 21:33:50,211 - Log1 - Level 5 - Entry Array  [500000.0, 1369632.25]
2019-09-07 21:33:50,242 - Log1 - WARNING - 0 th  output 1161234.125 input [1.00000000e+01 5.00000000e+00 3.50000000e+01 6.85000000e+01
 5.25000000e+01 1.36000000e+02 4.99999989e-03 2.00000003e-01]
2019-09-07 21:33:50,242 - Log1 - WARNING - 319 th  output 1228934.375 input [4.20000000e+01 2.90000000e+01 1.10000000e+01 1.02500000e+02
 1.06500000e+02 2.04000000e+02 4.99999989e-03 1.00000001e-01]
2019-09-07 21:33:50,274 - Log1 - Level 5 - Entry Array  [500000.0, 1307946.625]
2019-09-07 21:33:50,274 - Log1 - Level 5 - Entry Array  [500000.0, 1322981.5]
2019-09-07 21:33:50,274 - Log1 - Level 5 - Entry Array  [500000.0, 1387163.125]
2019-09-07 21:33:50,274 - Log1 - Level 5 - Entry Array  [500000.0, 1369632.25]
2019-09-07 21:33:50,305 - Log1 - WARNING - 0 th  output 1161234.125 input [1.00000000e+01 5.00000000e+00 3.50000000e+01 6.85000000e+01
 5.25000000e+01 1.36000000e+02 4.99999989e-03 2.00000003e-01]
2019-09-07 21:33:50,305 - Log1 - WARNING - 319 th  output 1228934.375 input [4.20000000e+01 2.90000000e+01 1.10000000e+01 1.02500000e+02
 1.06500000e+02 2.04000000e+02 4.99999989e-03 1.00000001e-01]
2019-09-07 21:33:50,336 - Log1 - Level 5 - Entry Array  [500000.0, 1307946.625]
2019-09-07 21:33:50,336 - Log1 - Level 5 - Entry Array  [500000.0, 1322981.5]
2019-09-07 21:33:50,336 - Log1 - Level 5 - Entry Array  [500000.0, 1387163.125]
2019-09-07 21:33:50,336 - Log1 - Level 5 - Entry Array  [500000.0, 1369632.25]
2019-09-07 21:33:50,367 - Log1 - WARNING - 0 th  output 1161234.125 input [1.00000000e+01 5.00000000e+00 3.50000000e+01 6.85000000e+01
 5.25000000e+01 1.36000000e+02 4.99999989e-03 2.00000003e-01]
2019-09-07 21:33:50,367 - Log1 - WARNING - 319 th  output 1228934.375 input [4.20000000e+01 2.90000000e+01 1.10000000e+01 1.02500000e+02
 1.06500000e+02 2.04000000e+02 4.99999989e-03 1.00000001e-01]
2019-09-07 21:33:50,414 - Log1 - Level 5 - Entry Array  [500000.0, 1307946.625]
2019-09-07 21:33:50,414 - Log1 - Level 5 - Entry Array  [500000.0, 1322981.5]
2019-09-07 21:33:50,414 - Log1 - Level 5 - Entry Array  [500000.0, 1387163.125]
2019-09-07 21:33:50,414 - Log1 - Level 5 - Entry Array  [500000.0, 1369632.25]
2019-09-07 21:33:50,430 - Log1 - WARNING - 0 th  output 1161234.125 input [1.00000000e+01 5.00000000e+00 3.50000000e+01 6.85000000e+01
 5.25000000e+01 1.36000000e+02 4.99999989e-03 2.00000003e-01]
2019-09-07 21:33:50,430 - Log1 - WARNING - 319 th  output 1228934.375 input [4.20000000e+01 2.90000000e+01 1.10000000e+01 1.02500000e+02
 1.06500000e+02 2.04000000e+02 4.99999989e-03 1.00000001e-01]
2019-09-07 21:33:50,492 - Log1 - Level 5 - Entry Array  [500000.0, 1307946.625]
2019-09-07 21:33:50,492 - Log1 - Level 5 - Entry Array  [500000.0, 1322981.5]
2019-09-07 21:33:50,492 - Log1 - Level 5 - Entry Array  [500000.0, 1387163.125]
2019-09-07 21:33:50,492 - Log1 - Level 5 - Entry Array  [500000.0, 1369632.25]
2019-09-07 21:33:50,508 - Log1 - WARNING - 0 th  output 1161234.125 input [1.00000000e+01 5.00000000e+00 3.50000000e+01 6.85000000e+01
 5.25000000e+01 1.36000000e+02 4.99999989e-03 2.00000003e-01]
2019-09-07 21:33:50,508 - Log1 - WARNING - 319 th  output 1228934.375 input [4.20000000e+01 2.90000000e+01 1.10000000e+01 1.02500000e+02
 1.06500000e+02 2.04000000e+02 4.99999989e-03 1.00000001e-01]
2019-09-07 21:33:50,695 - Log1 - Level 5 - Entry Array  [500000.0, 1307946.625]
2019-09-07 21:33:50,695 - Log1 - Level 5 - Entry Array  [500000.0, 1322981.5]
2019-09-07 21:33:50,695 - Log1 - Level 5 - Entry Array  [500000.0, 1387163.125]
2019-09-07 21:33:50,695 - Log1 - Level 5 - Entry Array  [500000.0, 1369632.25]
2019-09-07 21:33:50,727 - Log1 - WARNING - 0 th  output 1161234.125 input [1.00000000e+01 5.00000000e+00 3.50000000e+01 6.85000000e+01
 5.25000000e+01 1.36000000e+02 4.99999989e-03 2.00000003e-01]
2019-09-07 21:33:50,727 - Log1 - WARNING - 319 th  output 1228934.375 input [4.20000000e+01 2.90000000e+01 1.10000000e+01 1.02500000e+02
 1.06500000e+02 2.04000000e+02 4.99999989e-03 1.00000001e-01]
2019-09-07 21:33:59,353 - Log1 - INFO - Output : path [175 177]  result [1075798.875 1147182.75 ]
2019-09-07 21:33:59,353 - Log1 - INFO - Output : path [175 177]  result [1281855.5   1277171.625]
2019-09-07 21:33:59,353 - Log1 - INFO - Output : path [175 177]  result [1281855.5   1277171.625]
2019-09-07 21:33:59,353 - Log1 - INFO - Output : path [175 177]  result [1281855.5   1277171.625]
2019-09-07 21:33:59,353 - Log1 - INFO - Output : path [175 177]  result [1281855.5   1277171.625]
2019-09-07 21:33:59,353 - Log1 - INFO - Output : path [175 177]  result [1281855.5   1277171.625]
2019-09-07 21:33:59,353 - Log1 - INFO - Output : path [175 177]  result [1281855.5   1277171.625]
2019-09-07 21:33:59,353 - Log1 - INFO - Output : path [175 177]  result [1281855.5   1277171.625]
2019-09-07 21:33:59,353 - Log1 - INFO - Output : path [175 177]  result [1281855.5   1277171.625]
2019-09-07 21:33:59,353 - Log1 - INFO - Output : path [175 177]  result [1281855.5   1277171.625]
2019-09-07 21:33:59,353 - Log1 - INFO - Output : path [175 177]  result [1281855.5   1277171.625]
2019-09-07 21:33:59,353 - Log1 - INFO - Output : path [175 177]  result [1281855.5   1277171.625]
2019-09-07 21:33:59,353 - Log1 - INFO - Output : path [175 177]  result [1281855.5   1277171.625]
2019-09-07 21:33:59,353 - Log1 - INFO - Output : path [175 177]  result [1281855.5   1277171.625]
2019-09-07 21:33:59,353 - Log1 - INFO - Output : path [175 177]  result [1281855.5   1277171.625]
2019-09-07 21:33:59,353 - Log1 - INFO - Output : path [175 177]  result [1281855.5   1277171.625]
2019-09-07 21:33:59,353 - Log1 - INFO - Output : path [175 177]  result [1281855.5   1277171.625]
2019-09-07 21:33:59,353 - Log1 - INFO - Output : path [175 177]  result [1281855.5   1277171.625]
2019-09-07 21:33:59,353 - Log1 - INFO - Output : path [175 177]  result [1281855.5   1277171.625]
2019-09-07 21:33:59,353 - Log1 - INFO - Output : path [175 177]  result [1281855.5   1277171.625]
2019-09-07 21:33:59,353 - Log1 - INFO - Output : path [175 177]  result [1281855.5   1277171.625]
2019-09-07 21:33:59,353 - Log1 - INFO - Output : path [175 177]  result [1281855.5   1277171.625]
2019-09-07 21:33:59,353 - Log1 - INFO - Output : path [175 177]  result [1281855.5   1277171.625]
2019-09-07 21:33:59,353 - Log1 - INFO - Output : path [175 177]  result [1281855.5   1277171.625]
2019-09-07 21:33:59,353 - Log1 - INFO - Output : path [175 177]  result [1281855.5   1277171.625]
2019-09-07 21:33:59,353 - Log1 - INFO - Output : path [175 177]  result [1281855.5   1277171.625]
2019-09-07 21:33:59,353 - Log1 - INFO - Output : path [175 177]  result [1281855.5   1277171.625]
2019-09-07 21:33:59,353 - Log1 - INFO - Output : path [175 177]  result [1281855.5   1277171.625]
2019-09-07 21:33:59,353 - Log1 - INFO - Output : path [175 177]  result [1281855.5   1277171.625]
2019-09-07 21:33:59,353 - Log1 - INFO - Output : path [175 177]  result [1281855.5   1277171.625]
2019-09-07 21:33:59,353 - Log1 - INFO - Output : path [175 177]  result [1281855.5   1277171.625]
2019-09-07 21:33:59,353 - Log1 - INFO - Output : path [175 177]  result [1281855.5   1277171.625]
2019-09-07 21:33:59,353 - Log1 - INFO - Output : path [175 177]  result [1281855.5   1277171.625]
2019-09-07 21:33:59,369 - Log1 - INFO - Output : path [175 177]  result [1281855.5   1277171.625]
2019-09-07 21:33:59,369 - Log1 - INFO - Output : path [175 177]  result [1281855.5   1277171.625]
2019-09-07 21:33:59,369 - Log1 - INFO - Output : path [175 177]  result [1281855.5   1277171.625]
2019-09-07 21:33:59,369 - Log1 - INFO - Output : path [175 177]  result [1281855.5   1277171.625]
2019-09-07 21:33:59,369 - Log1 - INFO - Output : path [175 177]  result [1281855.5   1277171.625]
2019-09-07 21:34:00,709 - Log1 - INFO - Output : path [162]  result [1176652.125]
2019-09-07 21:34:00,709 - Log1 - INFO - Output : path [162]  result [1387163.25]
2019-09-07 21:34:00,709 - Log1 - INFO - Output : path [162]  result [1387163.25]
2019-09-07 21:34:00,709 - Log1 - INFO - Output : path [162]  result [1387163.25]
2019-09-07 21:34:00,709 - Log1 - INFO - Output : path [162]  result [1387163.25]
2019-09-07 21:34:00,709 - Log1 - INFO - Output : path [162]  result [1387163.25]
2019-09-07 21:34:00,709 - Log1 - INFO - Output : path [162]  result [1387163.25]
2019-09-07 21:34:00,709 - Log1 - INFO - Output : path [162]  result [1387163.25]
2019-09-07 21:34:00,709 - Log1 - INFO - Output : path [162]  result [1387163.25]
2019-09-07 21:34:00,709 - Log1 - INFO - Output : path [162]  result [1387163.25]
2019-09-07 21:34:00,709 - Log1 - INFO - Output : path [162]  result [1387163.25]
2019-09-07 21:34:00,709 - Log1 - INFO - Output : path [162]  result [1387163.25]
2019-09-07 21:34:00,709 - Log1 - INFO - Output : path [162]  result [1387163.25]
2019-09-07 21:34:00,709 - Log1 - INFO - Output : path [162]  result [1387163.25]
2019-09-07 21:34:00,709 - Log1 - INFO - Output : path [162]  result [1387163.25]
2019-09-07 21:34:00,709 - Log1 - INFO - Output : path [162]  result [1387163.25]
2019-09-07 21:34:00,709 - Log1 - INFO - Output : path [162]  result [1387163.25]
2019-09-07 21:34:00,709 - Log1 - INFO - Output : path [162]  result [1387163.25]
2019-09-07 21:34:00,709 - Log1 - INFO - Output : path [162]  result [1387163.25]
2019-09-07 21:34:00,709 - Log1 - INFO - Output : path [162]  result [1387163.25]
2019-09-07 21:34:00,709 - Log1 - INFO - Output : path [162]  result [1387163.25]
2019-09-07 21:34:00,709 - Log1 - INFO - Output : path [162]  result [1387163.25]
2019-09-07 21:34:00,709 - Log1 - INFO - Output : path [162]  result [1387163.25]
2019-09-07 21:34:00,709 - Log1 - INFO - Output : path [162]  result [1387163.25]
2019-09-07 21:34:00,709 - Log1 - INFO - Output : path [162]  result [1387163.25]
2019-09-07 21:34:00,709 - Log1 - INFO - Output : path [162]  result [1387163.25]
2019-09-07 21:34:00,709 - Log1 - INFO - Output : path [162]  result [1387163.25]
2019-09-07 21:34:00,709 - Log1 - INFO - Output : path [162]  result [1387163.25]
2019-09-07 21:34:00,709 - Log1 - INFO - Output : path [162]  result [1387163.25]
2019-09-07 21:34:00,709 - Log1 - INFO - Output : path [162]  result [1387163.25]
2019-09-07 21:34:00,709 - Log1 - INFO - Output : path [162]  result [1387163.25]
2019-09-07 21:34:00,709 - Log1 - INFO - Output : path [162]  result [1387163.25]
2019-09-07 21:34:00,709 - Log1 - INFO - Output : path [162]  result [1387163.25]
2019-09-07 21:34:00,709 - Log1 - INFO - Output : path [162]  result [1387163.25]
2019-09-07 21:34:00,709 - Log1 - INFO - Output : path [162]  result [1387163.25]
2019-09-07 21:34:00,709 - Log1 - INFO - Output : path [162]  result [1387163.25]
2019-09-07 21:34:00,709 - Log1 - INFO - Output : path [162]  result [1387163.25]
2019-09-07 21:34:00,709 - Log1 - INFO - Output : path [162]  result [1387163.25]
2019-09-07 21:34:05,165 - Log1 - Level 5 - param output  [1161234.125, 1231693.5, 1260159.375, 1241758.5, 1201255.625, 1126445.5, 1199119.5, 1157366.375, 1089960.0, 1210049.0, 1079974.875, 1229726.375, 1184744.5, 1196910.75, 1219722.25, 1282187.5, 1182566.0, 1117035.75, 1178796.625, 1233257.375, 1157113.5, 1221872.375, 1206612.375, 1229721.375, 1267847.875, 1227061.125, 1177730.625, 1148763.875, 1170815.5, 1156727.125, 1197046.75, 1163510.625, 1128588.5, 1199119.5, 1301902.875, 1217103.625, 1165554.125, 1214720.875, 1241028.375, 1226491.5, 1189901.25, 1240407.75, 1196695.875, 1175087.125, 1188898.875, 1270058.625, 1185091.0, 1263399.5, 1123779.875, 1182350.75, 1135055.625, 1092255.75, 1168470.5, 1178530.0, 1235209.125, 1117035.75, 1222829.875, 1223652.75, 1229726.375, 1176555.5, 1190105.25, 1156795.5, 1092255.75, 1307946.625, 1180547.25, 1203555.375, 1245637.125, 1263399.5, 1187660.0, 1239776.625, 1241688.25, 1172532.625, 1079974.875, 1129654.5, 1248149.625, 1153747.625, 1224978.25, 1089960.0, 1201559.25, 1241028.375, 1191013.625, 1209523.0, 1140412.75, 1304389.625, 1260028.375, 1209251.25, 1133346.375, 1131876.25, 1205500.375, 929349.5625, 1258623.375, 1144641.75, 1209633.0, 1149524.375, 1237289.75, 1244959.375, 1206714.25, 1132099.625, 1192589.125, 1201824.625, 1152868.25, 1209311.25, 1211517.0, 1173243.25, 1281666.75, 1211906.5, 1185478.375, 1187605.125, 1131612.75, 1155135.125, 1261330.5, 924173.5, 932712.625, 1260328.25, 1147798.125, 1244784.0, 1260343.5, 1175850.875, 1212447.625, 1149524.375, 1246030.25, 1304389.625, 1262144.875, 1273267.875, 1214164.0, 1218161.375, 1234343.75, 1209251.25, 1225681.5, 1150218.875, 1167106.0, 1233133.0, 1273730.875, 1215720.0, 932458.0625, 1240945.625, 1206532.0, 1192684.0, 1131883.125, 1169207.0, 1256594.25, 1209633.0, 1149501.0, 1237253.75, 1188062.875, 1241961.875, 1229660.125, 1178440.125, 1211350.375, 1242574.125, 1208604.875, 1260328.25, 1238866.0, 1133346.375, 1165006.25, 1131863.125, 926473.125, 1232452.75, 1322981.5, 1190227.625, 1292488.375, 1332229.75, 1387163.25, 1281435.5, 1250501.75, 1229648.75, 1232922.0, 1318611.875, 1332870.75, 1348511.0, 1292132.75, 1306592.75, 1219087.75, 1312078.125, 1303977.625, 1281855.5, 1312078.125, 1277171.625, 1232388.875, 1333197.5, 1330057.25, 1249942.0, 1343163.25, 1310925.375, 1232922.0, 1292587.0, 1228415.5, 1312508.0, 1359916.25, 1373121.0, 1373304.0, 1287783.375, 1348704.125, 1219087.75, 1227507.75, 1232922.0, 1278223.375, 1329623.875, 1323214.25, 1309014.375, 1292488.375, 1293072.0, 1384694.0, 1292132.75, 1272883.125, 1322244.25, 1333197.5, 1313725.875, 1346931.25, 1264496.125, 1305051.125, 1311884.75, 1219565.0, 1273731.125, 1272782.25, 1322244.25, 1233772.375, 1287885.375, 1224441.125, 1256822.0, 1328823.5, 1275741.875, 1275741.875, 1267530.75, 1365443.625, 1249669.25, 1278223.375, 1328656.125, 1267530.75, 1232922.0, 1233772.375, 1387163.25, 1273731.125, 1228347.75, 1314645.0, 1309577.5, 1293072.0, 1297617.5, 1226198.125, 1219820.75, 1271728.375, 1180588.25, 1182310.875, 1341593.375, 1288725.125, 1138122.0, 1195426.375, 1225915.625, 1272075.125, 1362402.125, 1246212.75, 1236299.5, 1291715.875, 1288243.75, 1180725.125, 1330231.375, 1251675.0, 1239191.125, 1249903.0, 1339844.5, 1243204.875, 1252322.375, 1275085.875, 1365485.625, 1302163.125, 1333054.625, 1310968.875, 1220385.75, 1369632.375, 1233815.125, 1273750.75, 1273518.5, 1221195.5, 1246864.25, 1307702.625, 1294163.25, 1329138.125, 1225915.625, 1232768.625, 1138559.875, 1296965.875, 1288165.5, 1150887.875, 1326149.5, 1184208.0, 1182684.375, 1227745.375, 1239191.125, 1074497.25, 1327692.75, 1351740.625, 1265821.625, 1292476.0, 1307702.625, 1255848.5, 1182684.375, 1227108.75, 1229090.625, 1279546.375, 1313273.0, 1312836.25, 1295299.125, 1239896.875, 1249547.875, 1361315.5, 1173507.625, 1257902.875, 1361315.5, 1247781.0, 1151785.375, 1208048.0, 1198083.75, 1110250.25, 1187038.25, 1246553.625, 1173617.875, 1196236.375, 1182070.875, 1302163.125, 1228934.375]
2019-09-07 21:34:05,180 - Log1 - INFO - MaxParameter [22.0, 23.0, 19.399999618530273, 57.5, 85.5, 70.0, 0.004999999888241291, 0.10000000149011612]     result 1387163.250
2019-09-07 21:34:05,180 - Log1 - INFO - MaxParameter [22.0, 23.0, 19.399999618530273, 57.5, 83.5, 70.0, 0.004999999888241291, 0.10000000149011612]     result 1387163.250
2019-09-07 21:34:05,180 - Log1 - INFO - MaxParameter [22.0, 23.0, 19.399999618530273, 57.5, 95.5, 70.0, 0.004999999888241291, 0.10000000149011612]     result 1384694.000
2019-09-07 21:34:05,180 - Log1 - INFO - MaxParameter [22.0, 23.0, 19.399999618530273, 57.5, 97.5, 70.0, 0.004999999888241291, 0.10000000149011612]     result 1373304.000
2019-09-07 21:34:05,180 - Log1 - Level 5 - sampling mu 16.5000  0-11  80 
2019-09-07 21:34:05,180 - Log1 - Level 5 - sampling mu 16.5000  0-11  80 
2019-09-07 21:34:05,180 - Log1 - Level 5 - sampling mu 16.5000  0-11  80 
2019-09-07 21:34:05,180 - Log1 - Level 5 - sampling mu 16.5000  0-11  80 
2019-09-07 21:34:05,180 - Log1 - INFO - Ssbo Set io io bbid(5)  shape((320, 9))  data_shape((320, 9))
2019-09-07 21:34:05,180 - Log1 - WARNING - 0 th  output 0.000 input [2.05000000e+01 2.30000000e+01 1.93999996e+01 5.75000000e+01
 8.55000000e+01 7.00000000e+01 4.99999989e-03 1.00000001e-01]
2019-09-07 21:34:05,180 - Log1 - WARNING - 319 th  output 0.000 input [2.25000000e+01 2.30000000e+01 1.93999996e+01 5.75000000e+01
 9.75000000e+01 7.00000000e+01 4.99999989e-03 1.00000001e-01]
2019-09-07 21:34:06,181 - Log1 - Level 5 - Test asset  Dealing  blocksize 16 batchsize 5 dispatch [1, 2, 2]  init 10**6  YZID 0  result [1381071 1387163 1387163 1365744 1381071 1392164 1382936 1401223 1383243
 1381071 1396593 1382936 1417104 1387163 1385596 1382936]  
2019-09-07 21:34:06,181 - Log1 - Level 5 - Test asset  Dealing  blocksize 16 batchsize 5 dispatch [1, 2, 2]  init 10**6  YZID 1  result [1382936 1392050 1409320 1382936 1396593 1385483 1382936 1416990 1419065
 1377733 1392050 1387163 1387163 1416990 1419065 1385483]  
2019-09-07 21:34:06,181 - Log1 - Level 5 - Test asset  Dealing  blocksize 16 batchsize 5 dispatch [1, 2, 2]  init 10**6  YZID 2  result [1407403 1384694 1381436 1368303 1395680 1414735 1368303 1368303 1412461
 1412461 1412461 1384694 1414735 1412461 1386843 1385377]  
2019-09-07 21:34:06,181 - Log1 - Level 5 - Test asset  Dealing  blocksize 16 batchsize 5 dispatch [1, 2, 2]  init 10**6  YZID 3  result [1414735 1368303 1362127 1368303 1414735 1385304 1385304 1412461 1362127
 1407403 1385304 1358853 1387163 1412461 1358853 1386843]  
2019-09-07 21:34:06,938 - Log1 - Level 5 - Test asset  Dealing  blocksize 16 batchsize 5 dispatch [1, 2, 2]  init 10**6  YZID 0  result [1396593 1419179 1382936 1396593 1382936 1396593 1383243 1365744 1401223
 1385596 1419179 1392164 1383243 1396593 1382936 1419179]  
2019-09-07 21:34:06,938 - Log1 - Level 5 - Test asset  Dealing  blocksize 16 batchsize 5 dispatch [1, 2, 2]  init 10**6  YZID 1  result [1396593 1419065 1382936 1377733 1392050 1419065 1392050 1409320 1385483
 1380957 1387163 1365630 1365630 1377733 1387163 1387163]  
2019-09-07 21:34:06,938 - Log1 - Level 5 - Test asset  Dealing  blocksize 16 batchsize 5 dispatch [1, 2, 2]  init 10**6  YZID 2  result [1386843 1414735 1412461 1385377 1412461 1385377 1385377 1412461 1385377
 1385377 1362127 1395680 1362127 1368303 1407403 1386843]  
2019-09-07 21:34:06,938 - Log1 - Level 5 - Test asset  Dealing  blocksize 16 batchsize 5 dispatch [1, 2, 2]  init 10**6  YZID 3  result [1373304 1362127 1414735 1387163 1368303 1412461 1407403 1373304 1385377
 1412461 1386843 1414735 1386843 1387163 1362127 1387163]  
2019-09-07 21:34:07,703 - Log1 - Level 5 - Test asset  Dealing  blocksize 16 batchsize 5 dispatch [1, 2, 2]  init 10**6  YZID 0  result [1381071 1383243 1396593 1417104 1417104 1392164 1385596 1396593 1385596
 1387163 1387163 1365744 1387163 1419179 1392164 1417104]  
2019-09-07 21:34:07,703 - Log1 - Level 5 - Test asset  Dealing  blocksize 16 batchsize 5 dispatch [1, 2, 2]  init 10**6  YZID 1  result [1377733 1385483 1396593 1392050 1416990 1377733 1392050 1387163 1382936
 1365630 1387163 1380957 1382936 1380957 1419065 1380957]  
2019-09-07 21:34:07,703 - Log1 - Level 5 - Test asset  Dealing  blocksize 16 batchsize 5 dispatch [1, 2, 2]  init 10**6  YZID 2  result [1387163 1412461 1362127 1407403 1412461 1385377 1384694 1368303 1381436
 1384694 1412461 1362127 1381436 1368303 1384694 1384694]  
2019-09-07 21:34:07,703 - Log1 - Level 5 - Test asset  Dealing  blocksize 16 batchsize 5 dispatch [1, 2, 2]  init 10**6  YZID 3  result [1386843 1386843 1368303 1358853 1385377 1368303 1407403 1412461 1362127
 1373304 1386843 1385377 1407403 1387163 1407403 1412461]  
2019-09-07 21:34:08,457 - Log1 - Level 5 - Test asset  Dealing  blocksize 16 batchsize 5 dispatch [1, 2, 2]  init 10**6  YZID 0  result [1392164 1392164 1385596 1401223 1417104 1383243 1419179 1392164 1365744
 1396593 1396593 1392164 1396593 1383243 1396593 1365744]  
2019-09-07 21:34:08,457 - Log1 - Level 5 - Test asset  Dealing  blocksize 16 batchsize 5 dispatch [1, 2, 2]  init 10**6  YZID 1  result [1409320 1387163 1409320 1365630 1387163 1365630 1416990 1380957 1387163
 1380957 1392050 1387163 1377733 1365630 1396593 1385483]  
2019-09-07 21:34:08,457 - Log1 - Level 5 - Test asset  Dealing  blocksize 16 batchsize 5 dispatch [1, 2, 2]  init 10**6  YZID 2  result [1395680 1362127 1368303 1414735 1386843 1368303 1395680 1395680 1381436
 1368303 1362127 1387163 1384694 1386843 1407403 1386843]  
2019-09-07 21:34:08,457 - Log1 - Level 5 - Test asset  Dealing  blocksize 16 batchsize 5 dispatch [1, 2, 2]  init 10**6  YZID 3  result [1385304 1385377 1358853 1373304 1362127 1407403 1362127 1373304 1368303
 1407403 1385304 1385377 1362127 1362127 1386843 1412461]  
2019-09-07 21:34:09,216 - Log1 - Level 5 - Test asset  Dealing  blocksize 16 batchsize 5 dispatch [1, 2, 2]  init 10**6  YZID 0  result [1385596 1392164 1381071 1417104 1417104 1385596 1396593 1392164 1385596
 1381071 1365744 1419179 1382936 1381071 1365744 1401223]  
2019-09-07 21:34:09,216 - Log1 - Level 5 - Test asset  Dealing  blocksize 16 batchsize 5 dispatch [1, 2, 2]  init 10**6  YZID 1  result [1396593 1392050 1385483 1416990 1365630 1409320 1392050 1365630 1396593
 1416990 1365630 1377733 1385483 1365630 1396593 1385483]  
2019-09-07 21:34:09,216 - Log1 - Level 5 - Test asset  Dealing  blocksize 16 batchsize 5 dispatch [1, 2, 2]  init 10**6  YZID 2  result [1385377 1385377 1368303 1386843 1387163 1368303 1368303 1362127 1395680
 1384694 1387163 1386843 1414735 1384694 1368303 1387163]  
2019-09-07 21:34:09,216 - Log1 - Level 5 - Test asset  Dealing  blocksize 16 batchsize 5 dispatch [1, 2, 2]  init 10**6  YZID 3  result [1373304 1407403 1362127 1373304 1412461 1385304 1358853 1412461 1412461
 1368303 1412461 1385304 1414735 1412461 1412461 1373304]  
2019-09-07 21:34:09,216 - Log1 - WARNING - Test asset Result shared (16) dispatch (1 , 2  , 2) 5 times  Inner(31540 times)  elapsed_time:4.0353[sec]  CheckSum []  
2019-09-07 21:34:09,216 - Log1 - Level 5 - Entry Array  [500000.0, 1419179.125]
2019-09-07 21:34:09,216 - Log1 - Level 5 - Entry Array  [500000.0, 1419065.875]
2019-09-07 21:34:09,216 - Log1 - Level 5 - Entry Array  [500000.0, 1414735.75]
2019-09-07 21:34:09,216 - Log1 - Level 5 - Entry Array  [500000.0, 1414735.75]
2019-09-07 21:34:09,236 - Log1 - WARNING - 0 th  output 1381071.250 input [2.05000000e+01 2.30000000e+01 1.93999996e+01 5.75000000e+01
 8.55000000e+01 7.00000000e+01 4.99999989e-03 1.00000001e-01]
2019-09-07 21:34:09,236 - Log1 - WARNING - 319 th  output 1373304.000 input [2.25000000e+01 2.30000000e+01 1.93999996e+01 5.75000000e+01
 9.75000000e+01 7.00000000e+01 4.99999989e-03 1.00000001e-01]
2019-09-07 21:34:09,244 - Log1 - INFO - Ssbo Set io io bbid(5)  shape((320, 9))  data_shape((320, 9))
2019-09-07 21:34:09,244 - Log1 - Level 5 - Set parameter  validate True 
2019-09-07 21:34:22,144 - Log1 - Level 5 - param output  [1381071.25, 1387163.25, 1387163.25, 1365744.125, 1381071.25, 1392164.125, 1382936.5, 1401223.375, 1383243.875, 1381071.25, 1396593.75, 1382936.5, 1417104.25, 1387163.25, 1385596.875, 1382936.5, 1396593.75, 1419179.25, 1382936.5, 1396593.75, 1382936.5, 1396593.75, 1383243.875, 1365744.125, 1401223.375, 1385596.875, 1419179.25, 1392164.125, 1383243.875, 1396593.75, 1382936.5, 1419179.25, 1381071.25, 1383243.875, 1396593.75, 1417104.25, 1417104.25, 1392164.125, 1385596.875, 1396593.75, 1385596.875, 1387163.25, 1387163.25, 1365744.125, 1387163.25, 1419179.25, 1392164.125, 1417104.25, 1392164.125, 1392164.125, 1385596.875, 1401223.375, 1417104.25, 1383243.875, 1419179.25, 1392164.125, 1365744.125, 1396593.75, 1396593.75, 1392164.125, 1396593.75, 1383243.875, 1396593.75, 1365744.125, 1385596.875, 1392164.125, 1381071.25, 1417104.25, 1417104.25, 1385596.875, 1396593.75, 1392164.125, 1385596.875, 1381071.25, 1365744.125, 1419179.25, 1382936.5, 1381071.25, 1365744.125, 1401223.375, 1382936.5, 1392050.75, 1409320.0, 1382936.5, 1396593.75, 1385483.5, 1382936.5, 1416990.875, 1419065.875, 1377733.75, 1392050.75, 1387163.25, 1387163.25, 1416990.875, 1419065.875, 1385483.5, 1396593.75, 1419065.875, 1382936.5, 1377733.75, 1392050.75, 1419065.875, 1392050.75, 1409320.0, 1385483.5, 1380957.875, 1387163.25, 1365630.875, 1365630.875, 1377733.75, 1387163.25, 1387163.25, 1377733.75, 1385483.5, 1396593.75, 1392050.75, 1416990.875, 1377733.75, 1392050.75, 1387163.25, 1382936.5, 1365630.875, 1387163.25, 1380957.875, 1382936.5, 1380957.875, 1419065.875, 1380957.875, 1409320.0, 1387163.25, 1409320.0, 1365630.875, 1387163.25, 1365630.875, 1416990.875, 1380957.875, 1387163.25, 1380957.875, 1392050.75, 1387163.25, 1377733.75, 1365630.875, 1396593.75, 1385483.5, 1396593.75, 1392050.75, 1385483.5, 1416990.875, 1365630.875, 1409320.0, 1392050.75, 1365630.875, 1396593.75, 1416990.875, 1365630.875, 1377733.75, 1385483.5, 1365630.875, 1396593.75, 1385483.5, 1407403.75, 1384694.0, 1381436.5, 1368303.375, 1395680.875, 1414735.875, 1368303.375, 1368303.375, 1412461.0, 1412461.0, 1412461.0, 1384694.0, 1414735.875, 1412461.0, 1386843.375, 1385377.75, 1386843.375, 1414735.875, 1412461.0, 1385377.75, 1412461.0, 1385377.75, 1385377.75, 1412461.0, 1385377.75, 1385377.75, 1362127.0, 1395680.875, 1362127.0, 1368303.375, 1407403.75, 1386843.375, 1387163.125, 1412461.0, 1362127.0, 1407403.75, 1412461.0, 1385377.75, 1384694.0, 1368303.375, 1381436.5, 1384694.0, 1412461.0, 1362127.0, 1381436.5, 1368303.375, 1384694.0, 1384694.0, 1395680.875, 1362127.0, 1368303.375, 1414735.875, 1386843.375, 1368303.375, 1395680.875, 1395680.875, 1381436.5, 1368303.375, 1362127.0, 1387163.125, 1384694.0, 1386843.375, 1407403.75, 1386843.375, 1385377.75, 1385377.75, 1368303.375, 1386843.375, 1387163.125, 1368303.375, 1368303.375, 1362127.0, 1395680.875, 1384694.0, 1387163.125, 1386843.375, 1414735.875, 1384694.0, 1368303.375, 1387163.125, 1414735.875, 1368303.375, 1362127.0, 1368303.375, 1414735.875, 1385304.125, 1385304.125, 1412461.0, 1362127.0, 1407403.75, 1385304.125, 1358853.125, 1387163.125, 1412461.0, 1358853.125, 1386843.375, 1373304.0, 1362127.0, 1414735.875, 1387163.125, 1368303.375, 1412461.0, 1407403.75, 1373304.0, 1385377.75, 1412461.0, 1386843.375, 1414735.875, 1386843.375, 1387163.125, 1362127.0, 1387163.125, 1386843.375, 1386843.375, 1368303.375, 1358853.125, 1385377.75, 1368303.375, 1407403.75, 1412461.0, 1362127.0, 1373304.0, 1386843.375, 1385377.75, 1407403.75, 1387163.125, 1407403.75, 1412461.0, 1385304.125, 1385377.75, 1358853.125, 1373304.0, 1362127.0, 1407403.75, 1362127.0, 1373304.0, 1368303.375, 1407403.75, 1385304.125, 1385377.75, 1362127.0, 1362127.0, 1386843.375, 1412461.0, 1373304.0, 1407403.75, 1362127.0, 1373304.0, 1412461.0, 1385304.125, 1358853.125, 1412461.0, 1412461.0, 1368303.375, 1412461.0, 1385304.125, 1414735.875, 1412461.0, 1412461.0, 1373304.0]
2019-09-07 21:34:22,160 - Log1 - INFO - MaxParameter [17.5, 23.0, 19.399999618530273, 57.5, 85.5, 70.0, 0.004999999888241291, 0.10000000149011612]     result 1419179.250
2019-09-07 21:34:22,160 - Log1 - INFO - MaxParameter [17.5, 23.0, 19.399999618530273, 57.5, 85.5, 70.0, 0.004999999888241291, 0.10000000149011612]     result 1419179.250
2019-09-07 21:34:22,160 - Log1 - INFO - MaxParameter [17.5, 23.0, 19.399999618530273, 57.5, 85.5, 70.0, 0.004999999888241291, 0.10000000149011612]     result 1419179.250
2019-09-07 21:34:22,160 - Log1 - INFO - MaxParameter [17.5, 23.0, 19.399999618530273, 57.5, 85.5, 70.0, 0.004999999888241291, 0.10000000149011612]     result 1419179.250
2019-09-07 21:34:22,160 - Log1 - Level 5 - sampling mu 52.5000  0-10  80 
2019-09-07 21:34:22,160 - Log1 - Level 5 - sampling mu 52.5000  0-10  80 
2019-09-07 21:34:22,160 - Log1 - Level 5 - sampling mu 52.5000  0-10  80 
2019-09-07 21:34:22,160 - Log1 - Level 5 - sampling mu 52.5000  0-10  80 
2019-09-07 21:34:22,160 - Log1 - Level 5 - sampling mu 80.5000  0-10  80 
2019-09-07 21:34:22,160 - Log1 - Level 5 - sampling mu 80.5000  0-10  80 
2019-09-07 21:34:22,160 - Log1 - Level 5 - sampling mu 80.5000  0-10  80 
2019-09-07 21:34:22,160 - Log1 - Level 5 - sampling mu 80.5000  0-10  80 
2019-09-07 21:34:22,160 - Log1 - Level 5 - sampling mu 0.0050  0-0  80 
2019-09-07 21:35:02,551 - Log1 - Level 5 - param output  [1381071.25, 1387163.25, 1387163.25, 1365744.125, 1381071.25, 1392164.125, 1382936.5, 1401223.375, 1383243.875, 1381071.25, 1396593.75, 1382936.5, 1417104.25, 1387163.25, 1385596.875, 1382936.5, 1396593.75, 1419179.25, 1382936.5, 1396593.75, 1382936.5, 1396593.75, 1383243.875, 1365744.125, 1401223.375, 1385596.875, 1419179.25, 1392164.125, 1383243.875, 1396593.75, 1382936.5, 1419179.25, 1381071.25, 1383243.875, 1396593.75, 1417104.25, 1417104.25, 1392164.125, 1385596.875, 1396593.75, 1385596.875, 1387163.25, 1387163.25, 1365744.125, 1387163.25, 1419179.25, 1392164.125, 1417104.25, 1392164.125, 1392164.125, 1385596.875, 1401223.375, 1417104.25, 1383243.875, 1419179.25, 1392164.125, 1365744.125, 1396593.75, 1396593.75, 1392164.125, 1396593.75, 1383243.875, 1396593.75, 1365744.125, 1385596.875, 1392164.125, 1381071.25, 1417104.25, 1417104.25, 1385596.875, 1396593.75, 1392164.125, 1385596.875, 1381071.25, 1365744.125, 1419179.25, 1382936.5, 1381071.25, 1365744.125, 1401223.375, 1382936.5, 1392050.75, 1409320.0, 1382936.5, 1396593.75, 1385483.5, 1382936.5, 1416990.875, 1419065.875, 1377733.75, 1392050.75, 1387163.25, 1387163.25, 1416990.875, 1419065.875, 1385483.5, 1396593.75, 1419065.875, 1382936.5, 1377733.75, 1392050.75, 1419065.875, 1392050.75, 1409320.0, 1385483.5, 1380957.875, 1387163.25, 1365630.875, 1365630.875, 1377733.75, 1387163.25, 1387163.25, 1377733.75, 1385483.5, 1396593.75, 1392050.75, 1416990.875, 1377733.75, 1392050.75, 1387163.25, 1382936.5, 1365630.875, 1387163.25, 1380957.875, 1382936.5, 1380957.875, 1419065.875, 1380957.875, 1409320.0, 1387163.25, 1409320.0, 1365630.875, 1387163.25, 1365630.875, 1416990.875, 1380957.875, 1387163.25, 1380957.875, 1392050.75, 1387163.25, 1377733.75, 1365630.875, 1396593.75, 1385483.5, 1396593.75, 1392050.75, 1385483.5, 1416990.875, 1365630.875, 1409320.0, 1392050.75, 1365630.875, 1396593.75, 1416990.875, 1365630.875, 1377733.75, 1385483.5, 1365630.875, 1396593.75, 1385483.5, 1407403.75, 1384694.0, 1381436.5, 1368303.375, 1395680.875, 1414735.875, 1368303.375, 1368303.375, 1412461.0, 1412461.0, 1412461.0, 1384694.0, 1414735.875, 1412461.0, 1386843.375, 1385377.75, 1386843.375, 1414735.875, 1412461.0, 1385377.75, 1412461.0, 1385377.75, 1385377.75, 1412461.0, 1385377.75, 1385377.75, 1362127.0, 1395680.875, 1362127.0, 1368303.375, 1407403.75, 1386843.375, 1387163.125, 1412461.0, 1362127.0, 1407403.75, 1412461.0, 1385377.75, 1384694.0, 1368303.375, 1381436.5, 1384694.0, 1412461.0, 1362127.0, 1381436.5, 1368303.375, 1384694.0, 1384694.0, 1395680.875, 1362127.0, 1368303.375, 1414735.875, 1386843.375, 1368303.375, 1395680.875, 1395680.875, 1381436.5, 1368303.375, 1362127.0, 1387163.125, 1384694.0, 1386843.375, 1407403.75, 1386843.375, 1385377.75, 1385377.75, 1368303.375, 1386843.375, 1387163.125, 1368303.375, 1368303.375, 1362127.0, 1395680.875, 1384694.0, 1387163.125, 1386843.375, 1414735.875, 1384694.0, 1368303.375, 1387163.125, 1414735.875, 1368303.375, 1362127.0, 1368303.375, 1414735.875, 1385304.125, 1385304.125, 1412461.0, 1362127.0, 1407403.75, 1385304.125, 1358853.125, 1387163.125, 1412461.0, 1358853.125, 1386843.375, 1373304.0, 1362127.0, 1414735.875, 1387163.125, 1368303.375, 1412461.0, 1407403.75, 1373304.0, 1385377.75, 1412461.0, 1386843.375, 1414735.875, 1386843.375, 1387163.125, 1362127.0, 1387163.125, 1386843.375, 1386843.375, 1368303.375, 1358853.125, 1385377.75, 1368303.375, 1407403.75, 1412461.0, 1362127.0, 1373304.0, 1386843.375, 1385377.75, 1407403.75, 1387163.125, 1407403.75, 1412461.0, 1385304.125, 1385377.75, 1358853.125, 1373304.0, 1362127.0, 1407403.75, 1362127.0, 1373304.0, 1368303.375, 1407403.75, 1385304.125, 1385377.75, 1362127.0, 1362127.0, 1386843.375, 1412461.0, 1373304.0, 1407403.75, 1362127.0, 1373304.0, 1412461.0, 1385304.125, 1358853.125, 1412461.0, 1412461.0, 1368303.375, 1412461.0, 1385304.125, 1414735.875, 1412461.0, 1412461.0, 1373304.0]
2019-09-07 21:35:02,566 - Log1 - INFO - MaxParameter [17.5, 23.0, 19.399999618530273, 57.5, 85.5, 70.0, 0.004999999888241291, 0.10000000149011612]     result 1419179.250
2019-09-07 21:35:02,566 - Log1 - INFO - MaxParameter [17.5, 23.0, 19.399999618530273, 57.5, 85.5, 70.0, 0.004999999888241291, 0.10000000149011612]     result 1419179.250
2019-09-07 21:35:02,566 - Log1 - INFO - MaxParameter [17.5, 23.0, 19.399999618530273, 57.5, 85.5, 70.0, 0.004999999888241291, 0.10000000149011612]     result 1419179.250
2019-09-07 21:35:02,566 - Log1 - INFO - MaxParameter [17.5, 23.0, 19.399999618530273, 57.5, 85.5, 70.0, 0.004999999888241291, 0.10000000149011612]     result 1419179.250
2019-09-07 21:35:02,566 - Log1 - Level 5 - sampling mu 12.0000  0-11  80 
2019-09-07 21:35:02,566 - Log1 - Level 5 - sampling mu 12.0000  0-11  80 
2019-09-07 21:35:02,566 - Log1 - Level 5 - sampling mu 12.0000  0-11  80 
2019-09-07 21:35:02,566 - Log1 - Level 5 - sampling mu 12.0000  0-11  80 
2019-09-07 21:35:02,566 - Log1 - Level 5 - sampling mu 15.9000  0-7  80 
2019-09-07 21:35:02,566 - Log1 - Level 5 - sampling mu 15.9000  0-7  80 
2019-09-07 21:35:02,566 - Log1 - Level 5 - sampling mu 15.9000  0-7  80 
2019-09-07 21:35:02,566 - Log1 - Level 5 - sampling mu 15.9000  0-7  80 
2019-09-07 21:35:02,566 - Log1 - Level 5 - sampling mu 47.0000  0-21  80 
2019-09-07 21:35:02,566 - Log1 - Level 5 - sampling mu 47.0000  0-21  80 
2019-09-07 21:35:02,566 - Log1 - Level 5 - sampling mu 47.0000  0-21  80 
2019-09-07 21:35:02,566 - Log1 - Level 5 - sampling mu 47.0000  0-21  80 
2019-09-07 21:35:02,566 - Log1 - INFO - Ssbo Set io io bbid(5)  shape((320, 9))  data_shape((320, 9))
2019-09-07 21:35:02,566 - Log1 - WARNING - 0 th  output 0.000 input [1.60000000e+01 2.30000000e+01 2.06999996e+01 5.70000000e+01
 8.55000000e+01 7.00000000e+01 4.99999989e-03 1.00000001e-01]
2019-09-07 21:35:02,566 - Log1 - WARNING - 319 th  output 0.000 input [1.50000000e+01 2.30000000e+01 1.58999996e+01 4.80000000e+01
 8.55000000e+01 7.00000000e+01 4.99999989e-03 1.00000001e-01]
2019-09-07 21:35:03,629 - Log1 - Level 5 - Test asset  Dealing  blocksize 16 batchsize 5 dispatch [1, 2, 2]  init 10**6  YZID 0  result [1390383 1290822 1311263 1273908 1330811 1271641 1309909 1276071 1309909
 1274759 1343124 1245646 1279054 1334984 1292028 1320587]  
2019-09-07 21:35:03,629 - Log1 - Level 5 - Test asset  Dealing  blocksize 16 batchsize 5 dispatch [1, 2, 2]  init 10**6  YZID 1  result [1365034 1286648 1288019 1310476 1271288 1194011 1252894 1202292 1260857
 1340862 1292605 1234098 1419179 1279998 1314147 1416187]  
2019-09-07 21:35:03,629 - Log1 - Level 5 - Test asset  Dealing  blocksize 16 batchsize 5 dispatch [1, 2, 2]  init 10**6  YZID 2  result [1378339 1243552 1292017 1298138 1265848 1219676 1309274 1295824 1291068
 1278218 1317965 1311431 1363280 1376434 1338330 1279141]  
2019-09-07 21:35:03,629 - Log1 - Level 5 - Test asset  Dealing  blocksize 16 batchsize 5 dispatch [1, 2, 2]  init 10**6  YZID 3  result [1265348 1312747 1335205 1310302 1247179 1271691 1225209 1296165 1359291
 1349733 1276071 1232001 1401531 1321917 1283511 1226318]  
2019-09-07 21:35:04,395 - Log1 - Level 5 - Test asset  Dealing  blocksize 16 batchsize 5 dispatch [1, 2, 2]  init 10**6  YZID 0  result [1237936 1273002 1252894 1322917 1243552 1310107 1338985 1230798 1344970
 1328598 1301159 1309185 1331315 1378299 1379163 1345564]  
2019-09-07 21:35:04,395 - Log1 - Level 5 - Test asset  Dealing  blocksize 16 batchsize 5 dispatch [1, 2, 2]  init 10**6  YZID 1  result [1284274 1290628 1246085 1320316 1318567 1378817 1338884 1290037 1352077
 1227999 1278451 1278218 1321917 1361871 1285498 1276945]  
2019-09-07 21:35:04,395 - Log1 - Level 5 - Test asset  Dealing  blocksize 16 batchsize 5 dispatch [1, 2, 2]  init 10**6  YZID 2  result [1237936 1250303 1280627 1383123 1361635 1358800 1331131 1285985 1341914
 1252894 1335813 1275818 1220144 1182244 1343921 1282262]  
2019-09-07 21:35:04,395 - Log1 - Level 5 - Test asset  Dealing  blocksize 16 batchsize 5 dispatch [1, 2, 2]  init 10**6  YZID 3  result [1306143 1296304 1332280 1276612 1271755 1324883 1276495 1283878 1270678
 1309909 1298261 1291748 1258511 1383143 1394254 1368159]  
2019-09-07 21:35:05,161 - Log1 - Level 5 - Test asset  Dealing  blocksize 16 batchsize 5 dispatch [1, 2, 2]  init 10**6  YZID 0  result [1293721 1282364 1313427 1284612 1323552 1279141 1279874 1326529 1299473
 1279001 1305964 1279811 1354315 1345173 1371808 1308825]  
2019-09-07 21:35:05,161 - Log1 - Level 5 - Test asset  Dealing  blocksize 16 batchsize 5 dispatch [1, 2, 2]  init 10**6  YZID 1  result [1311431 1242249 1296175 1284372 1278687 1303968 1307545 1289154 1377440
 1314626 1345807 1290037 1226602 1338953 1375303 1380227]  
2019-09-07 21:35:05,161 - Log1 - Level 5 - Test asset  Dealing  blocksize 16 batchsize 5 dispatch [1, 2, 2]  init 10**6  YZID 2  result [1316123 1242249 1266699 1312961 1265281 1333905 1297210 1375919 1297381
 1285982 1338204 1312061 1279911 1303948 1332670 1407090]  
2019-09-07 21:35:05,161 - Log1 - Level 5 - Test asset  Dealing  blocksize 16 batchsize 5 dispatch [1, 2, 2]  init 10**6  YZID 3  result [1304798 1279534 1309305 1255062 1288162 1292605 1370489 1281109 1279874
 1259456 1219041 1305085 1288494 1352510 1295168 1308857]  
2019-09-07 21:35:05,926 - Log1 - Level 5 - Test asset  Dealing  blocksize 16 batchsize 5 dispatch [1, 2, 2]  init 10**6  YZID 0  result [1274759 1293162 1289894 1304252 1219935 1271642 1276695 1288269 1293644
 1272908 1377139 1298815 1294890 1358814 1380227 1280145]  
2019-09-07 21:35:05,926 - Log1 - Level 5 - Test asset  Dealing  blocksize 16 batchsize 5 dispatch [1, 2, 2]  init 10**6  YZID 1  result [1341993 1358560 1256836 1313738 1372282 1377703 1362931 1192021 1220648
 1288494 1243164 1311892 1270289 1358146 1286160 1278218]  
2019-09-07 21:35:05,926 - Log1 - Level 5 - Test asset  Dealing  blocksize 16 batchsize 5 dispatch [1, 2, 2]  init 10**6  YZID 2  result [1334488 1274759 1274608 1329431 1285683 1301268 1271755 1359861 1304768
 1276927 1289894 1305704 1218858 1311987 1350980 1370873]  
2019-09-07 21:35:05,926 - Log1 - Level 5 - Test asset  Dealing  blocksize 16 batchsize 5 dispatch [1, 2, 2]  init 10**6  YZID 3  result [1222492 1351648 1184354 1402514 1336766 1331563 1220422 1303289 1321923
 1350781 1198663 1387917 1302038 1288494 1286999 1271123]  
2019-09-07 21:35:06,676 - Log1 - Level 5 - Test asset  Dealing  blocksize 16 batchsize 5 dispatch [1, 2, 2]  init 10**6  YZID 0  result [1213491 1321508 1189735 1305212 1257418 1288019 1338204 1307415 1349621
 1358814 1275047 1284658 1271631 1303289 1326777 1295682]  
2019-09-07 21:35:06,676 - Log1 - Level 5 - Test asset  Dealing  blocksize 16 batchsize 5 dispatch [1, 2, 2]  init 10**6  YZID 1  result [1276413 1299399 1327268 1351041 1312868 1231781 1300393 1311225 1326059
 1260857 1285498 1392481 1292640 1287587 1280533 1293155]  
2019-09-07 21:35:06,676 - Log1 - Level 5 - Test asset  Dealing  blocksize 16 batchsize 5 dispatch [1, 2, 2]  init 10**6  YZID 2  result [1419179 1317713 1285907 1308857 1284001 1211237 1294848 1392443 1320739
 1324743 1339689 1339924 1373455 1315104 1320868 1323318]  
2019-09-07 21:35:06,676 - Log1 - Level 5 - Test asset  Dealing  blocksize 16 batchsize 5 dispatch [1, 2, 2]  init 10**6  YZID 3  result [1257696 1307251 1279054 1320398 1297487 1310302 1331245 1274691 1308214
 1296384 1329827 1276927 1288652 1271831 1268647 1271038]  
2019-09-07 21:35:06,676 - Log1 - WARNING - Test asset Result shared (16) dispatch (1 , 2  , 2) 5 times  Inner(31540 times)  elapsed_time:4.1099[sec]  CheckSum []  
2019-09-07 21:35:06,676 - Log1 - Level 5 - Entry Array  [500000.0, 1390383.125]
2019-09-07 21:35:06,676 - Log1 - Level 5 - Entry Array  [500000.0, 1419179.125]
2019-09-07 21:35:06,692 - Log1 - Level 5 - Entry Array  [500000.0, 1419179.125]
2019-09-07 21:35:06,692 - Log1 - Level 5 - Entry Array  [500000.0, 1402514.0]
2019-09-07 21:35:06,739 - Log1 - WARNING - 0 th  output 1390383.250 input [1.60000000e+01 2.30000000e+01 2.06999989e+01 5.70000000e+01
 8.55000000e+01 7.00000000e+01 4.99999989e-03 1.00000001e-01]
2019-09-07 21:35:06,739 - Log1 - WARNING - 319 th  output 1271038.625 input [1.50000000e+01 2.30000000e+01 1.58999996e+01 4.80000000e+01
 8.55000000e+01 7.00000000e+01 4.99999989e-03 1.00000001e-01]
2019-09-07 21:35:06,739 - Log1 - INFO - Ssbo Set io io bbid(5)  shape((320, 9))  data_shape((320, 9))
2019-09-07 21:35:06,739 - Log1 - Level 5 - Set parameter  validate True 
2019-09-07 21:35:32,993 - Log1 - INFO - ComputeShader Destroy [2, 4]
2019-09-07 21:35:33,071 - Log1 - INFO - Ssbo Destroy ['data', 'vis', 'dprop', 'ac', 'asset', 'io']
2019-09-07 21:35:33,071 - Log1 - INFO - PipeLine Destroy {GL_VERTEX_SHADER: 5, GL_FRAGMENT_SHADER: 6}
2019-09-07 21:35:33,071 - Log1 - INFO - Mock Destroy <====  Tasset
2019-09-07 21:35:46,008 - Log1 - INFO - ComputeShader Destroy [2, 4]
2019-09-07 21:35:46,008 - Log1 - INFO - Ssbo Destroy ['data', 'vis', 'dprop', 'ac', 'io']
2019-09-07 21:35:46,008 - Log1 - INFO - PipeLine Destroy {GL_VERTEX_SHADER: 7, GL_FRAGMENT_SHADER: 8}
2019-09-07 21:35:46,008 - Log1 - INFO - PipeLine Destroy {GL_VERTEX_SHADER: 5, GL_FRAGMENT_SHADER: 6}
2019-09-07 21:35:46,008 - Log1 - INFO - Mock Destroy <====  TestVisual
