2019-09-11 08:15:32,841 - Log1 - INFO - StartUP BlockSize 32  BatchSize 10 
2019-09-11 08:15:35,593 - Log1 - INFO - Start Tasset Shader Dealing 
2019-09-11 08:15:35,771 - Log1 - Level 5 - DATA   min 1.764010 max 1.832960
2019-09-11 08:15:35,771 - Log1 - INFO - Ssbo Generate data bbid(3) nbyte(1261600) shape((31540, 5))  Ammount(1261600)
2019-09-11 08:15:35,787 - Log1 - INFO - Ssbo Generate vis bbid(0) nbyte(5046400) shape((31540, 5, 4))  Ammount(6308000)
2019-09-11 08:15:35,787 - Log1 - INFO - Ssbo Generate dprop bbid(2) nbyte(12992) shape((4, 406))  Ammount(6320992)
2019-09-11 08:15:35,787 - Log1 - INFO - Ssbo Generate ac bbid(1) nbyte(512) shape(128)  Ammount(6321504)
2019-09-11 08:15:35,787 - Log1 - INFO - Ssbo Generate asset bbid(4) nbyte(6144000) shape((1280, 2, 300))  Ammount(12465504)
2019-09-11 08:15:35,787 - Log1 - INFO - Ssbo Generate io bbid(5) nbyte(92160) shape((1280, 9))  Ammount(12557664)
2019-09-11 08:15:35,933 - Log1 - INFO - parse ../GLAux/glsl/Mock/Tasset.glsl
2019-09-11 08:15:35,933 - Log1 - INFO - parse ../GLAux/glsl/include/sRates.glsl
2019-09-11 08:15:35,933 - Log1 - INFO - parse ../GLAux/glsl/include/Mock1/parameter.glsl
2019-09-11 08:15:35,933 - Log1 - INFO - parse ../GLAux/glsl/include/Mock1/mfi.glsl
2019-09-11 08:15:35,933 - Log1 - INFO - parse ../GLAux/glsl/include/Mock1/ama.glsl
2019-09-11 08:15:35,933 - Log1 - INFO - parse ../GLAux/glsl/include/Mock1/uniform.glsl
2019-09-11 08:15:35,933 - Log1 - INFO - parse ../GLAux/glsl/include/Mock1/ac.glsl
2019-09-11 08:15:35,933 - Log1 - INFO - parse ../GLAux/glsl/include/Mock1/inout.glsl
2019-09-11 08:15:35,933 - Log1 - INFO - parse ../GLAux/glsl/include/Visual/mock2_buffer.glsl
2019-09-11 08:15:35,948 - Log1 - INFO - parse ../GLAux/glsl/Mock/VS/prepro_T2.glsl
2019-09-11 08:15:35,948 - Log1 - INFO - parse ../GLAux/glsl/include/Visual/mock2_buffer.glsl
2019-09-11 08:15:35,948 - Log1 - INFO - parse ../GLAux/glsl/include/Mock1/parameter.glsl
2019-09-11 08:15:35,948 - Log1 - INFO - parse ../GLAux/glsl/include/sRates.glsl
2019-09-11 08:15:35,948 - Log1 - INFO - ComputeShader Generate [2, 4]
2019-09-11 08:15:35,948 - Log1 - INFO - parse ../GLAux/glsl\Mock\VS\T2.glsl
2019-09-11 08:15:35,948 - Log1 - INFO - parse ../GLAux/glsl/include/sRates.glsl
2019-09-11 08:15:35,948 - Log1 - INFO - parse ../GLAux/glsl/include/Mock1/parameter_vf.glsl
2019-09-11 08:15:35,948 - Log1 - INFO - parse ../GLAux/glsl/include/Visual/mock2_buffer.glsl
2019-09-11 08:15:35,948 - Log1 - INFO - parse ../GLAux/glsl/include/util/hsl.glsl
2019-09-11 08:15:35,948 - Log1 - INFO - parse ../GLAux/glsl\Mock\FS\T1.glsl
2019-09-11 08:15:35,964 - Log1 - INFO - DownLoads Directory C:\\Users\kaz38/Downloads/
2019-09-11 08:15:39,646 - Log1 - INFO - Start TestVisual Shader Dealing 
2019-09-11 08:15:39,822 - Log1 - Level 5 - DATA   min 1.764010 max 1.832960
2019-09-11 08:15:39,822 - Log1 - INFO - Ssbo Generate data bbid(3) nbyte(1261600) shape((31540, 5))  Ammount(1261600)
2019-09-11 08:15:39,822 - Log1 - INFO - Ssbo Generate vis bbid(0) nbyte(5046400) shape((31540, 5, 4))  Ammount(6308000)
2019-09-11 08:15:39,822 - Log1 - INFO - Ssbo Generate dprop bbid(2) nbyte(12992) shape((4, 406))  Ammount(6320992)
2019-09-11 08:15:39,822 - Log1 - INFO - Ssbo Generate ac bbid(1) nbyte(512) shape(128)  Ammount(6321504)
2019-09-11 08:15:39,822 - Log1 - INFO - Ssbo Generate io bbid(5) nbyte(92160) shape((1280, 9))  Ammount(6413664)
2019-09-11 08:15:39,904 - Log1 - INFO - parse ../GLAux/glsl/Mock/Tvisual.glsl
2019-09-11 08:15:39,920 - Log1 - INFO - parse ../GLAux/glsl/include/sRates.glsl
2019-09-11 08:15:39,920 - Log1 - INFO - parse ../GLAux/glsl/include/Mock1/uniform.glsl
2019-09-11 08:15:39,920 - Log1 - INFO - parse ../GLAux/glsl/include/Mock1/parameter.glsl
2019-09-11 08:15:39,920 - Log1 - INFO - parse ../GLAux/glsl/include/Mock1/mfi.glsl
2019-09-11 08:15:39,920 - Log1 - INFO - parse ../GLAux/glsl/include/Mock1/ama.glsl
2019-09-11 08:15:39,920 - Log1 - INFO - parse ../GLAux/glsl/include/Visual/mock1_buffer.glsl
2019-09-11 08:15:39,920 - Log1 - INFO - parse ../GLAux/glsl/include/Visual/mock2_prop.glsl
2019-09-11 08:15:39,920 - Log1 - INFO - parse ../GLAux/glsl/include/Mock1/ac.glsl
2019-09-11 08:15:39,920 - Log1 - INFO - parse ../GLAux/glsl/include/Mock1/inout.glsl
2019-09-11 08:15:39,920 - Log1 - INFO - parse ../GLAux/glsl/Mock/VS/prepro_T1.glsl
2019-09-11 08:15:39,920 - Log1 - INFO - parse ../GLAux/glsl/include/Visual/mock1_buffer.glsl
2019-09-11 08:15:39,920 - Log1 - INFO - parse ../GLAux/glsl/include/Visual/mock2_prop.glsl
2019-09-11 08:15:39,920 - Log1 - INFO - parse ../GLAux/glsl/include/sRates.glsl
2019-09-11 08:15:39,920 - Log1 - INFO - ComputeShader Generate [2, 4]
2019-09-11 08:15:39,920 - Log1 - INFO - parse ../GLAux/glsl\Mock\VS\T2.glsl
2019-09-11 08:15:39,920 - Log1 - INFO - parse ../GLAux/glsl/include/sRates.glsl
2019-09-11 08:15:39,920 - Log1 - INFO - parse ../GLAux/glsl/include/Mock1/parameter_vf.glsl
2019-09-11 08:15:39,936 - Log1 - INFO - parse ../GLAux/glsl/include/Visual/mock2_buffer.glsl
2019-09-11 08:15:39,936 - Log1 - INFO - parse ../GLAux/glsl/include/util/hsl.glsl
2019-09-11 08:15:39,936 - Log1 - INFO - parse ../GLAux/glsl\Mock\FS\fatou.glsl
2019-09-11 08:15:39,936 - Log1 - INFO - parse ../GLAux/glsl\Mock\VS\T2.glsl
2019-09-11 08:15:39,936 - Log1 - INFO - parse ../GLAux/glsl/include/sRates.glsl
2019-09-11 08:15:39,936 - Log1 - INFO - parse ../GLAux/glsl/include/Mock1/parameter_vf.glsl
2019-09-11 08:15:39,936 - Log1 - INFO - parse ../GLAux/glsl/include/Visual/mock2_buffer.glsl
2019-09-11 08:15:39,936 - Log1 - INFO - parse ../GLAux/glsl/include/util/hsl.glsl
2019-09-11 08:15:39,936 - Log1 - INFO - parse ../GLAux/glsl\Mock\FS\T1.glsl
2019-09-11 08:15:41,923 - Log1 - INFO - Ssbo Set io io bbid(5)  shape((1280, 9))  data_shape((1280, 9))
2019-09-11 08:15:41,923 - Log1 - WARNING - 0 th  output 0.000 input [3.90e+01 8.00e+01 3.26e+01 1.70e+01 1.09e+02 1.48e+02 5.00e-03 3.00e-01]
2019-09-11 08:15:41,923 - Log1 - WARNING - 1279 th  output 0.000 input [3.30e+01 9.80e+01 4.34e+01 1.08e+02 9.10e+01 2.80e+01 5.00e-03 4.00e-01]
2019-09-11 08:15:43,519 - Log1 - Level 5 - Test asset  Dealing  blocksize 32 batchsize 10 dispatch [1, 2, 2]  init 10**6  YZID 0  result [1078392 1187604 1365045 1066030 1254881  941993 1282796 1053772 1110379
 1302984 1238809 1032280  989454 1227279 1075325 1221007  932805 1269797
 1249098  986563 1028693 1358390 1301299 1135621  979294  968646 1048136
 1330504 1044666 1252510  949629 1032071]  
2019-09-11 08:15:43,519 - Log1 - Level 5 - Test asset  Dealing  blocksize 32 batchsize 10 dispatch [1, 2, 2]  init 10**6  YZID 1  result [1109884 1193718 1100022 1051558 1085282 1005246  976580 1302222 1091017
 1064601 1347792 1000000 1102607 1138865 1190028 1155454  997888 1005495
  989276 1000297 1130430 1058680 1093619 1036883 1006055 1022123 1139972
 1105872 1001593  893724 1075955 1002323]  
2019-09-11 08:15:43,519 - Log1 - Level 5 - Test asset  Dealing  blocksize 32 batchsize 10 dispatch [1, 2, 2]  init 10**6  YZID 2  result [1181909 1148328 1063017  953443 1317684 1342571 1126514 1058292 1016099
 1208567 1213145  956217 1329357  975562  974754 1058379 1255440 1115615
 1007355 1378054 1170516 1241716 1031798 1108946  986655 1014562 1315424
 1298319 1106223 1304514 1194771  952029]  
2019-09-11 08:15:43,519 - Log1 - Level 5 - Test asset  Dealing  blocksize 32 batchsize 10 dispatch [1, 2, 2]  init 10**6  YZID 3  result [1123474 1000000 1304781 1089379 1185713 1262408 1242459 1093626  944391
 1235502 1163552  984782 1018239 1210060  975058 1121377  986550 1029421
 1149968  999116 1032885 1018004 1019964  988044 1143724 1096761 1037736
 1098164 1109312  956267 1244075 1149361]  
2019-09-11 08:15:44,812 - Log1 - Level 5 - Test asset  Dealing  blocksize 32 batchsize 10 dispatch [1, 2, 2]  init 10**6  YZID 0  result [1237813 1243893  971486 1111776 1095021 1258114 1217758 1229361 1091618
  823786 1267222 1153013 1277921 1013358 1161134 1074140 1158547 1181148
 1024039 1093196 1270480 1255563 1046082 1157631 1140017 1127124 1205846
 1078471 1014656 1229005  927376 1191881]  
2019-09-11 08:15:44,812 - Log1 - Level 5 - Test asset  Dealing  blocksize 32 batchsize 10 dispatch [1, 2, 2]  init 10**6  YZID 1  result [1069300 1038423  881077 1003146 1160648 1189393 1233413  942706  953494
 1198693  940808 1037451 1199452  995496 1363141  969499  918390 1012785
 1129096 1074310  951393 1257556  927969 1262672 1119988 1365038 1129208
 1015898 1218049 1137457 1222519  974340]  
2019-09-11 08:15:44,812 - Log1 - Level 5 - Test asset  Dealing  blocksize 32 batchsize 10 dispatch [1, 2, 2]  init 10**6  YZID 2  result [1152365 1034667 1006399  977010  981904  893282 1138881 1224831 1234756
  972904 1058986 1008162 1024576 1105480 1061925 1080046 1110564 1072187
 1245956 1283669 1121109 1211833 1257720 1276789 1064272 1225874 1068780
 1059144 1000000  938155 1076848 1292662]  
2019-09-11 08:15:44,812 - Log1 - Level 5 - Test asset  Dealing  blocksize 32 batchsize 10 dispatch [1, 2, 2]  init 10**6  YZID 3  result [1024537 1125776 1004907 1092007 1068504 1076334 1206887 1011614 1085697
 1211457 1120561 1168910 1116247  984088 1219933  984060 1087802  985853
  997410 1026115 1134555 1122659  998451  952512 1048899 1034419 1185821
 1192819  964780 1141681 1100011  922292]  
2019-09-11 08:15:46,090 - Log1 - Level 5 - Test asset  Dealing  blocksize 32 batchsize 10 dispatch [1, 2, 2]  init 10**6  YZID 0  result [ 980364 1061398 1022824 1035041 1159932  961135 1047312 1295844 1083422
 1109623 1197455 1208888 1006741 1059257 1208154 1004622 1231894 1021960
 1078218 1233077 1316916 1184936 1155314 1212865 1038587 1160281  881661
  931176 1197412 1263610 1228636 1007060]  
2019-09-11 08:15:46,090 - Log1 - Level 5 - Test asset  Dealing  blocksize 32 batchsize 10 dispatch [1, 2, 2]  init 10**6  YZID 1  result [1066187 1045887 1110350 1021127 1008090 1319260 1103553 1050021 1268058
 1070862 1000000 1150215 1336611 1221057  981274 1125307 1125632 1234195
 1123534 1252473  992439 1240242  947221 1018037 1159708 1096815 1041360
  976200 1086181 1072071 1088731 1139943]  
2019-09-11 08:15:46,097 - Log1 - Level 5 - Test asset  Dealing  blocksize 32 batchsize 10 dispatch [1, 2, 2]  init 10**6  YZID 2  result [1152136 1001109 1188408  874680  887957  900577 1225602  952216 1201124
 1085616 1235871 1027849 1212257 1063593 1080916 1092877 1056702  967531
 1114826 1293985 1097340 1157771 1251916 1107777  982330 1024768 1093643
 1266983 1157167  949467 1048563 1139157]  
2019-09-11 08:15:46,097 - Log1 - Level 5 - Test asset  Dealing  blocksize 32 batchsize 10 dispatch [1, 2, 2]  init 10**6  YZID 3  result [ 989685 1075474 1228169 1275305 1071595 1271485  950965 1081985 1156790
 1042989  957406 1187244  983543 1271363 1186393 1269867 1109976 1361056
  998716 1138138 1269117 1090831 1177036 1237388 1010701 1092700 1191492
 1047454 1013523 1070020 1349881 1021461]  
2019-09-11 08:15:47,382 - Log1 - Level 5 - Test asset  Dealing  blocksize 32 batchsize 10 dispatch [1, 2, 2]  init 10**6  YZID 0  result [ 937356 1180403  970086 1038886  972320 1178604 1039524 1015509 1172329
 1001291  971296 1219599  951589 1188597 1096204 1204425 1056312 1071874
 1193569 1151304  970819 1280861 1261048 1067534 1009566  945815 1349322
 1107876 1193975 1035897 1072686 1089256]  
2019-09-11 08:15:47,383 - Log1 - Level 5 - Test asset  Dealing  blocksize 32 batchsize 10 dispatch [1, 2, 2]  init 10**6  YZID 1  result [1082547 1136139 1120096 1062851 1130989 1226711 1283274 1022356 1349518
 1020420 1184234 1158203 1019969 1068449  999186 1128797 1098783  975281
 1160902  966080 1153390 1199371 1089687 1178928  920001 1196768 1020828
 1107213 1121014 1154230 1204219 1110537]  
2019-09-11 08:15:47,383 - Log1 - Level 5 - Test asset  Dealing  blocksize 32 batchsize 10 dispatch [1, 2, 2]  init 10**6  YZID 2  result [1146767 1151099 1098187  991743 1130771  986774 1192135 1200021  960794
  998014  974254 1223957 1072266  949140 1127545 1298757 1090317  934801
 1136143 1077956  992074  965520 1186253 1023923 1023815 1341881 1096224
 1108227 1015936 1242783  928669 1109450]  
2019-09-11 08:15:47,383 - Log1 - Level 5 - Test asset  Dealing  blocksize 32 batchsize 10 dispatch [1, 2, 2]  init 10**6  YZID 3  result [1094585 1242943 1097027 1202598 1112231 1022776 1083596 1087456 1225427
 1144599 1126572 1209052 1051530 1248554 1098136 1113646 1051768 1202237
 1020891 1115098 1076454  981763 1029512 1041327  963440 1150327 1232543
 1134364 1037760 1263783 1178837  913849]  
2019-09-11 08:15:48,660 - Log1 - Level 5 - Test asset  Dealing  blocksize 32 batchsize 10 dispatch [1, 2, 2]  init 10**6  YZID 0  result [ 989130  986971 1057636  951040 1105042  991239 1170893 1229702 1089415
 1029948 1214874 1286652 1093590  908640 1250503 1190238 1042822 1129663
 1177169  985957  974540 1208162 1072889 1003180 1125180 1213645 1197098
 1044628 1237292 1382360 1004191 1082814]  
2019-09-11 08:15:48,660 - Log1 - Level 5 - Test asset  Dealing  blocksize 32 batchsize 10 dispatch [1, 2, 2]  init 10**6  YZID 1  result [1147637 1155083 1110183 1033464 1146162 1075315 1242819 1010947 1114682
 1067446 1230638 1151827 1190207 1345474 1054694 1299464 1093031 1214723
 1040440 1302304 1069643 1215102 1187028  972404 1135081 1064106 1172819
  838436 1069930 1132027 1023968 1162677]  
2019-09-11 08:15:48,660 - Log1 - Level 5 - Test asset  Dealing  blocksize 32 batchsize 10 dispatch [1, 2, 2]  init 10**6  YZID 2  result [1168715 1093232 1045840 1188686 1273089 1024456 1187275 1039677  982166
 1089897 1095795 1176710  926723 1097146 1339636 1083923 1118255 1009030
 1057458 1041370 1257952 1099133 1059773 1053202 1055712 1196656 1179840
 1108501  995818 1187722 1172024  938389]  
2019-09-11 08:15:48,660 - Log1 - Level 5 - Test asset  Dealing  blocksize 32 batchsize 10 dispatch [1, 2, 2]  init 10**6  YZID 3  result [1041470 1253086 1044172 1091426 1100684 1068256 1283030 1096594 1277475
 1222053 1290680 1257383 1251634  942140  991133 1116183 1288374 1166171
  999098  991564  946659 1044050 1042619 1290085 1063595 1143791  994792
 1063784 1019101 1282662 1230890  950693]  
2019-09-11 08:15:49,934 - Log1 - Level 5 - Test asset  Dealing  blocksize 32 batchsize 10 dispatch [1, 2, 2]  init 10**6  YZID 0  result [1063187 1201972 1014095  961787 1216584 1253023 1226411  996866 1286017
 1161626 1047764 1100444 1155211  977362  934757 1067530 1159057  970317
  875463 1131529 1088267  958564 1174300 1063607  990705 1114971 1271559
 1128795 1163394 1040363 1191060 1181131]  
2019-09-11 08:15:49,934 - Log1 - Level 5 - Test asset  Dealing  blocksize 32 batchsize 10 dispatch [1, 2, 2]  init 10**6  YZID 1  result [1333948 1142760  942273 1070215 1057225 1103280  992930 1055183  999993
  999685 1013043 1165330 1117904 1039816 1223340 1084722 1003807 1117322
 1121117 1255786 1166483 1168840 1150517 1230656 1032422 1188722 1037773
 1034380  939527 1033801 1020080 1240486]  
2019-09-11 08:15:49,942 - Log1 - Level 5 - Test asset  Dealing  blocksize 32 batchsize 10 dispatch [1, 2, 2]  init 10**6  YZID 2  result [1193584 1179326 1000000 1225806 1026724 1029552 1107910 1038469 1122144
 1218636  919724 1128497  976233  984506 1096773  973366  951930 1148592
  869538  886155 1008516 1028055 1033816 1223901 1141469 1155686 1279920
 1176623 1264171 1203659 1051098 1173839]  
2019-09-11 08:15:49,942 - Log1 - Level 5 - Test asset  Dealing  blocksize 32 batchsize 10 dispatch [1, 2, 2]  init 10**6  YZID 3  result [1232786  982120 1150606 1172384 1146443 1338390 1128281 1050250  934659
 1269269 1223811 1023854 1190087 1209614  942413  992291 1051424 1062693
 1141222 1070836  972240 1186849 1034841 1035440 1008014 1040975 1072980
  964554 1201489 1047068 1067977 1204132]  
2019-09-11 08:15:51,231 - Log1 - Level 5 - Test asset  Dealing  blocksize 32 batchsize 10 dispatch [1, 2, 2]  init 10**6  YZID 0  result [1300624  934126  998222  980818  968259 1082756 1215409 1204441  858953
 1108999 1061607 1141915 1039067 1338270 1158235 1056529 1161872 1026772
  963643 1083924 1138754 1179858 1154202 1000000 1283651 1022707  986523
  938515 1185472 1356056 1352390 1044644]  
2019-09-11 08:15:51,231 - Log1 - Level 5 - Test asset  Dealing  blocksize 32 batchsize 10 dispatch [1, 2, 2]  init 10**6  YZID 1  result [1126354 1027874 1082747 1121071 1029143  967691 1223682 1272168 1229196
  995965 1285461 1262277 1093578 1014250  885790 1018458 1021774  950897
 1095002  930331 1064103 1063124 1255351  971720 1039018 1043234 1310687
 1066832 1009376  901895 1026972 1155741]  
2019-09-11 08:15:51,231 - Log1 - Level 5 - Test asset  Dealing  blocksize 32 batchsize 10 dispatch [1, 2, 2]  init 10**6  YZID 2  result [1313523 1017820 1162167  960011 1162146 1211811 1163834 1003467 1060000
 1352454 1105853 1058196 1256056  977343 1070004 1012535 1081253 1233163
 1096545  965083 1199743 1028781 1101780 1003766 1073166 1139421 1122986
 1166305 1102467  978776 1271301 1171197]  
2019-09-11 08:15:51,231 - Log1 - Level 5 - Test asset  Dealing  blocksize 32 batchsize 10 dispatch [1, 2, 2]  init 10**6  YZID 3  result [ 972309 1417886 1327709 1269013 1197011  965307 1210722 1173193 1103419
 1314309 1226136  947452 1019223 1039847 1227028 1278511  972888  968671
 1066942 1230831 1290506 1085712 1052395 1286230 1238934 1074709  978475
 1074097 1091899 1151463 1340522 1208643]  
2019-09-11 08:15:52,510 - Log1 - Level 5 - Test asset  Dealing  blocksize 32 batchsize 10 dispatch [1, 2, 2]  init 10**6  YZID 0  result [1057499  961075  907933 1119389 1175857 1090757 1241335 1195355 1114998
 1038145  977326 1233250 1201964 1111758 1179112 1125560 1198468 1095329
 1061462 1088672 1022672  980400 1235615  976119 1154965 1260136 1014384
 1055077 1136886 1158450 1102160 1186079]  
2019-09-11 08:15:52,510 - Log1 - Level 5 - Test asset  Dealing  blocksize 32 batchsize 10 dispatch [1, 2, 2]  init 10**6  YZID 1  result [ 877423 1097703 1221430 1298618 1009739 1080746 1105431  934428 1056354
 1104205  998672  959208  978067 1140896 1099030 1083647 1302544 1058369
 1099507 1052098 1146208 1241387  998336 1058867 1139568 1144196  994194
 1137854 1111332 1157369 1173169 1103014]  
2019-09-11 08:15:52,510 - Log1 - Level 5 - Test asset  Dealing  blocksize 32 batchsize 10 dispatch [1, 2, 2]  init 10**6  YZID 2  result [ 999304 1194770 1044924 1031373 1175796 1061163 1038490 1290925 1128961
 1090155 1022225 1127090 1289897 1159213 1139073  942131 1158784 1225434
 1183175 1098186 1153964 1058802 1081573 1104669 1228197 1188845 1059543
 1262573 1238802  938859 1058721 1101531]  
2019-09-11 08:15:52,510 - Log1 - Level 5 - Test asset  Dealing  blocksize 32 batchsize 10 dispatch [1, 2, 2]  init 10**6  YZID 3  result [ 948077 1107640 1001454 1146468  997013 1078296  938757 1142811 1152153
 1090073 1019143 1022561 1230336 1169271  858648 1068581 1162798 1070062
 1029018 1198560 1149919 1057608 1008947 1167025  914790 1222699 1222928
 1121587  969519 1061088 1090723  961264]  
2019-09-11 08:15:53,780 - Log1 - Level 5 - Test asset  Dealing  blocksize 32 batchsize 10 dispatch [1, 2, 2]  init 10**6  YZID 0  result [1035400  941291 1209808 1030290  953275  994204 1147784 1131735 1258230
 1081677 1004980 1092941  869395 1025321 1001550 1252653 1239395 1046287
 1062662 1277323 1109132 1026507 1069505 1077638  922444  946217 1142961
 1140917 1129614 1012160 1101023 1102250]  
2019-09-11 08:15:53,780 - Log1 - Level 5 - Test asset  Dealing  blocksize 32 batchsize 10 dispatch [1, 2, 2]  init 10**6  YZID 1  result [1228152 1010249 1023368 1105496 1086584 1102173  940110 1046735 1192456
 1140123 1204216 1124649 1257329  901473 1180044 1077271 1169893 1062559
 1209980 1231291 1078981 1143715 1089279 1206708 1019933 1126148 1105265
 1273083 1104057 1186852 1119165  960830]  
2019-09-11 08:15:53,780 - Log1 - Level 5 - Test asset  Dealing  blocksize 32 batchsize 10 dispatch [1, 2, 2]  init 10**6  YZID 2  result [1053281 1244967 1187106 1168501 1121800 1305193 1017555 1227994 1181752
 1201515 1223407 1144892 1367944 1053290 1080941  964563 1043006 1000328
  979778 1162809 1110228 1012635 1211240 1014730 1320608 1115427 1038345
  994775 1209971 1005696  986617  930810]  
2019-09-11 08:15:53,780 - Log1 - Level 5 - Test asset  Dealing  blocksize 32 batchsize 10 dispatch [1, 2, 2]  init 10**6  YZID 3  result [1245160 1043337 1287365 1146294 1115965 1132153 1146493 1076970 1033094
 1049343 1061260 1100910 1202353 1057782 1000343 1285718 1025040 1284704
 1259311 1101410 1069486  987405 1046073 1215094 1219311 1039726 1229457
 1231128 1271621  981399 1124670 1162160]  
2019-09-11 08:15:55,072 - Log1 - Level 5 - Test asset  Dealing  blocksize 32 batchsize 10 dispatch [1, 2, 2]  init 10**6  YZID 0  result [ 992716 1198645 1225817 1029196 1084491 1007684 1183487 1120254 1069328
 1143916 1200445 1079452 1145769 1079767 1071488 1049146 1180887 1201588
 1153037 1228381  896544 1231604 1064414 1244983  995315  990603 1112436
 1162176 1090847 1035444 1070410 1303520]  
2019-09-11 08:15:55,072 - Log1 - Level 5 - Test asset  Dealing  blocksize 32 batchsize 10 dispatch [1, 2, 2]  init 10**6  YZID 1  result [ 983581 1075106 1201793 1090563 1107691  935810 1295786 1072517 1167552
 1178491 1184436 1210481  985364 1161135 1275628 1028600 1024295  961841
 1142718  960917 1047972  881108 1058843 1200884 1215797 1009134 1020320
 1112983 1207086  948442 1006579 1047737]  
2019-09-11 08:15:55,072 - Log1 - Level 5 - Test asset  Dealing  blocksize 32 batchsize 10 dispatch [1, 2, 2]  init 10**6  YZID 2  result [1107385 1065412 1102539 1061328 1157196 1016571 1031251 1189448 1243958
 1055933 1001310 1040393 1107874 1048416 1190524 1086361  995639 1124043
 1002236 1174499 1191190 1311433 1029368 1138220 1095451  980287 1088062
 1156957 1221976 1030604 1150625  960183]  
2019-09-11 08:15:55,072 - Log1 - Level 5 - Test asset  Dealing  blocksize 32 batchsize 10 dispatch [1, 2, 2]  init 10**6  YZID 3  result [1230100 1032209 1086251  985706 1052607 1099509  939065 1077533 1140135
 1029670 1084519 1144719 1053804 1042757 1053563 1164886 1170853 1169977
 1290371 1125954  920422 1028669 1017091 1230208 1060647  972747  990012
 1154987 1251639 1110247 1023463  973335]  
2019-09-11 08:15:55,072 - Log1 - WARNING - Test asset Result shared (32) dispatch (1 , 2  , 2) 10 times  Inner(31540 times)  elapsed_time:13.1493[sec]  CheckSum []  
2019-09-11 08:15:55,072 - Log1 - Level 5 - Entry Array  [500000.0, 1382360.75]
2019-09-11 08:15:55,072 - Log1 - Level 5 - Entry Array  [500000.0, 1365038.0]
2019-09-11 08:15:55,072 - Log1 - Level 5 - Entry Array  [500000.0, 1378054.75]
2019-09-11 08:15:55,072 - Log1 - Level 5 - Entry Array  [500000.0, 1417886.875]
2019-09-11 08:15:55,229 - Log1 - INFO - Ssbo Set io io bbid(5)  shape((1280, 9))  data_shape((1280, 9))
2019-09-11 08:15:55,229 - Log1 - Level 5 - Set parameter  validate True 
2019-09-11 08:15:55,267 - Log1 - Level 5 - Entry Array  [500000.0, 1382360.75]
2019-09-11 08:15:55,267 - Log1 - Level 5 - Entry Array  [500000.0, 1365038.0]
2019-09-11 08:15:55,267 - Log1 - Level 5 - Entry Array  [500000.0, 1378054.75]
2019-09-11 08:15:55,267 - Log1 - Level 5 - Entry Array  [500000.0, 1417886.875]
2019-09-11 08:16:01,997 - Log1 - Level 5 - TestVisual  Dealing Draw blocksize 32  dispatch [1, 2, 2]  init 10**6  result [1078392 1078392 1078392 1078392]  Pid 0 
2019-09-11 08:16:01,997 - Log1 - WARNING - TestVisual Result shared (32) dispatch (1 , 2  , 2) 1 times  Inner(31540 times)  elapsed_time:1.1021[sec]  CheckSum []  
2019-09-11 08:16:01,997 - Log1 - Level 5 - TestDraw4  STID  25  WTH   256
2019-09-11 08:16:02,013 - Log1 - INFO - parameters   [39.0, 80.0, 32.599998474121094, 17.0, 109.0, 148.0, 0.004999999888241291, 0.30000001192092896, 1078392.125]  
2019-09-11 08:16:06,088 - Log1 - Level 5 - TestDraw4  STID  25  WTH   256
2019-09-11 08:16:06,104 - Log1 - Level 5 - Entry Array  [500000.0, 1382360.75]
2019-09-11 08:16:06,104 - Log1 - Level 5 - Entry Array  [500000.0, 1365038.0]
2019-09-11 08:16:06,104 - Log1 - Level 5 - Entry Array  [500000.0, 1378054.75]
2019-09-11 08:16:06,104 - Log1 - Level 5 - Entry Array  [500000.0, 1417886.875]
2019-09-11 08:16:10,452 - Log1 - INFO - ComputeShader Destroy [2, 4]
2019-09-11 08:16:10,452 - Log1 - INFO - Ssbo Destroy ['data', 'vis', 'dprop', 'ac', 'asset', 'io']
2019-09-11 08:16:10,452 - Log1 - INFO - PipeLine Destroy {GL_VERTEX_SHADER: 5, GL_FRAGMENT_SHADER: 6}
2019-09-11 08:16:10,452 - Log1 - INFO - Mock Destroy <====  Tasset
2019-09-11 08:16:10,462 - Log1 - INFO - ComputeShader Destroy [2, 4]
2019-09-11 08:16:10,462 - Log1 - INFO - Ssbo Destroy ['data', 'vis', 'dprop', 'ac', 'io']
2019-09-11 08:16:10,462 - Log1 - INFO - PipeLine Destroy {GL_VERTEX_SHADER: 7, GL_FRAGMENT_SHADER: 8}
2019-09-11 08:16:10,462 - Log1 - INFO - PipeLine Destroy {GL_VERTEX_SHADER: 5, GL_FRAGMENT_SHADER: 6}
2019-09-11 08:16:10,462 - Log1 - INFO - Mock Destroy <====  TestVisual
